{"C:\\Users\\Administrator\\SmartFit\\server\\app.js": {"path":"C:\\Users\\Administrator\\SmartFit\\server\\app.js","statementMap":{"0":{"start":{"line":22,"column":0},"end":{"line":22,"column":16}},"1":{"start":{"line":24,"column":12},"end":{"line":24,"column":21}},"2":{"start":{"line":29,"column":0},"end":{"line":29,"column":16}},"3":{"start":{"line":30,"column":0},"end":{"line":30,"column":24}},"4":{"start":{"line":35,"column":0},"end":{"line":35,"column":62}},"5":{"start":{"line":40,"column":0},"end":{"line":40,"column":33}},"6":{"start":{"line":41,"column":0},"end":{"line":41,"column":35}},"7":{"start":{"line":42,"column":0},"end":{"line":42,"column":37}},"8":{"start":{"line":43,"column":0},"end":{"line":43,"column":40}},"9":{"start":{"line":44,"column":0},"end":{"line":44,"column":40}},"10":{"start":{"line":45,"column":0},"end":{"line":45,"column":54}},"11":{"start":{"line":46,"column":0},"end":{"line":46,"column":41}},"12":{"start":{"line":47,"column":0},"end":{"line":47,"column":47}},"13":{"start":{"line":48,"column":0},"end":{"line":48,"column":48}},"14":{"start":{"line":49,"column":0},"end":{"line":49,"column":42}},"15":{"start":{"line":50,"column":0},"end":{"line":50,"column":34}},"16":{"start":{"line":51,"column":0},"end":{"line":54,"column":2}},"17":{"start":{"line":55,"column":0},"end":{"line":55,"column":45}},"18":{"start":{"line":56,"column":0},"end":{"line":56,"column":43}},"19":{"start":{"line":61,"column":0},"end":{"line":66,"column":3}},"20":{"start":{"line":62,"column":2},"end":{"line":65,"column":5}}},"fnMap":{"0":{"name":"(anonymous_0)","decl":{"start":{"line":61,"column":23},"end":{"line":61,"column":24}},"loc":{"start":{"line":61,"column":37},"end":{"line":66,"column":1}},"line":61}},"branchMap":{},"s":{"0":13,"1":13,"2":13,"3":13,"4":13,"5":13,"6":13,"7":13,"8":13,"9":13,"10":13,"11":13,"12":13,"13":13,"14":13,"15":13,"16":13,"17":13,"18":13,"19":13,"20":1},"f":{"0":1},"b":{},"_coverageSchema":"1a1c01bbd47fc00a2c39e90264f33305004495a9","hash":"93ed2de01e1bea63b4bc5279642316e0e53a9540"}
,"C:\\Users\\Administrator\\SmartFit\\server\\config\\prisma.js": {"path":"C:\\Users\\Administrator\\SmartFit\\server\\config\\prisma.js","statementMap":{"0":{"start":{"line":3,"column":15},"end":{"line":3,"column":33}}},"fnMap":{},"branchMap":{},"s":{"0":13},"f":{},"b":{},"_coverageSchema":"1a1c01bbd47fc00a2c39e90264f33305004495a9","hash":"c723b7a6b0b97529086f83170d419a3dd7df806c"}
,"C:\\Users\\Administrator\\SmartFit\\server\\config\\swagger.js": {"path":"C:\\Users\\Administrator\\SmartFit\\server\\config\\swagger.js","statementMap":{"0":{"start":{"line":4,"column":16},"end":{"line":36,"column":1}},"1":{"start":{"line":38,"column":14},"end":{"line":38,"column":35}}},"fnMap":{},"branchMap":{},"s":{"0":13,"1":13},"f":{},"b":{},"_coverageSchema":"1a1c01bbd47fc00a2c39e90264f33305004495a9","hash":"7af9e0057cfce9ce2d06c4c8f7ffb9ce571ca33d"}
,"C:\\Users\\Administrator\\SmartFit\\server\\controllers\\admin.controller.js": {"path":"C:\\Users\\Administrator\\SmartFit\\server\\controllers\\admin.controller.js","statementMap":{"0":{"start":{"line":1,"column":30},"end":{"line":12,"column":1}},"1":{"start":{"line":2,"column":2},"end":{"line":11,"column":5}}},"fnMap":{"0":{"name":"(anonymous_0)","decl":{"start":{"line":1,"column":30},"end":{"line":1,"column":31}},"loc":{"start":{"line":1,"column":50},"end":{"line":12,"column":1}},"line":1}},"branchMap":{},"s":{"0":13,"1":0},"f":{"0":0},"b":{},"_coverageSchema":"1a1c01bbd47fc00a2c39e90264f33305004495a9","hash":"6001b37dfe9c018887ce5f37f197169eaa27302f"}
,"C:\\Users\\Administrator\\SmartFit\\server\\controllers\\adminDashboard.controller.js": {"path":"C:\\Users\\Administrator\\SmartFit\\server\\controllers\\adminDashboard.controller.js","statementMap":{"0":{"start":{"line":4,"column":28},"end":{"line":18,"column":1}},"1":{"start":{"line":5,"column":2},"end":{"line":17,"column":3}},"2":{"start":{"line":6,"column":22},"end":{"line":6,"column":52}},"3":{"start":{"line":8,"column":4},"end":{"line":11,"column":7}},"4":{"start":{"line":13,"column":4},"end":{"line":16,"column":7}}},"fnMap":{"0":{"name":"(anonymous_0)","decl":{"start":{"line":4,"column":28},"end":{"line":4,"column":29}},"loc":{"start":{"line":4,"column":48},"end":{"line":18,"column":1}},"line":4}},"branchMap":{},"s":{"0":13,"1":1,"2":1,"3":1,"4":0},"f":{"0":1},"b":{},"_coverageSchema":"1a1c01bbd47fc00a2c39e90264f33305004495a9","hash":"3f7a848047536dfee87509b9e2b1a0fdd5d1a420"}
,"C:\\Users\\Administrator\\SmartFit\\server\\controllers\\attendance.controller.js": {"path":"C:\\Users\\Administrator\\SmartFit\\server\\controllers\\attendance.controller.js","statementMap":{"0":{"start":{"line":9,"column":30},"end":{"line":24,"column":1}},"1":{"start":{"line":10,"column":2},"end":{"line":23,"column":3}},"2":{"start":{"line":11,"column":23},"end":{"line":11,"column":49}},"3":{"start":{"line":13,"column":4},"end":{"line":17,"column":7}},"4":{"start":{"line":19,"column":4},"end":{"line":22,"column":7}},"5":{"start":{"line":26,"column":31},"end":{"line":41,"column":1}},"6":{"start":{"line":27,"column":2},"end":{"line":40,"column":3}},"7":{"start":{"line":28,"column":23},"end":{"line":28,"column":50}},"8":{"start":{"line":30,"column":4},"end":{"line":34,"column":7}},"9":{"start":{"line":36,"column":4},"end":{"line":39,"column":7}},"10":{"start":{"line":43,"column":35},"end":{"line":58,"column":1}},"11":{"start":{"line":44,"column":2},"end":{"line":57,"column":3}},"12":{"start":{"line":45,"column":23},"end":{"line":45,"column":57}},"13":{"start":{"line":47,"column":4},"end":{"line":51,"column":7}},"14":{"start":{"line":53,"column":4},"end":{"line":56,"column":7}},"15":{"start":{"line":60,"column":36},"end":{"line":75,"column":1}},"16":{"start":{"line":61,"column":2},"end":{"line":74,"column":3}},"17":{"start":{"line":62,"column":23},"end":{"line":62,"column":47}},"18":{"start":{"line":64,"column":4},"end":{"line":68,"column":7}},"19":{"start":{"line":70,"column":4},"end":{"line":73,"column":7}},"20":{"start":{"line":77,"column":36},"end":{"line":92,"column":1}},"21":{"start":{"line":78,"column":2},"end":{"line":91,"column":3}},"22":{"start":{"line":79,"column":20},"end":{"line":79,"column":44}},"23":{"start":{"line":81,"column":4},"end":{"line":85,"column":7}},"24":{"start":{"line":87,"column":4},"end":{"line":90,"column":7}}},"fnMap":{"0":{"name":"(anonymous_0)","decl":{"start":{"line":9,"column":30},"end":{"line":9,"column":31}},"loc":{"start":{"line":9,"column":50},"end":{"line":24,"column":1}},"line":9},"1":{"name":"(anonymous_1)","decl":{"start":{"line":26,"column":31},"end":{"line":26,"column":32}},"loc":{"start":{"line":26,"column":51},"end":{"line":41,"column":1}},"line":26},"2":{"name":"(anonymous_2)","decl":{"start":{"line":43,"column":35},"end":{"line":43,"column":36}},"loc":{"start":{"line":43,"column":55},"end":{"line":58,"column":1}},"line":43},"3":{"name":"(anonymous_3)","decl":{"start":{"line":60,"column":36},"end":{"line":60,"column":37}},"loc":{"start":{"line":60,"column":56},"end":{"line":75,"column":1}},"line":60},"4":{"name":"(anonymous_4)","decl":{"start":{"line":77,"column":36},"end":{"line":77,"column":37}},"loc":{"start":{"line":77,"column":56},"end":{"line":92,"column":1}},"line":77}},"branchMap":{},"s":{"0":13,"1":3,"2":3,"3":2,"4":1,"5":13,"6":2,"7":2,"8":1,"9":1,"10":13,"11":1,"12":1,"13":1,"14":0,"15":13,"16":2,"17":2,"18":2,"19":0,"20":13,"21":2,"22":2,"23":2,"24":0},"f":{"0":3,"1":2,"2":1,"3":2,"4":2},"b":{},"_coverageSchema":"1a1c01bbd47fc00a2c39e90264f33305004495a9","hash":"f3e9d11e102a10ee07d63c3819189759a802fed3"}
,"C:\\Users\\Administrator\\SmartFit\\server\\controllers\\auth.controller.js": {"path":"C:\\Users\\Administrator\\SmartFit\\server\\controllers\\auth.controller.js","statementMap":{"0":{"start":{"line":6,"column":24},"end":{"line":31,"column":1}},"1":{"start":{"line":7,"column":2},"end":{"line":30,"column":3}},"2":{"start":{"line":8,"column":26},"end":{"line":8,"column":56}},"3":{"start":{"line":10,"column":17},"end":{"line":10,"column":50}},"4":{"start":{"line":12,"column":18},"end":{"line":12,"column":37}},"5":{"start":{"line":14,"column":4},"end":{"line":24,"column":7}},"6":{"start":{"line":26,"column":4},"end":{"line":29,"column":7}},"7":{"start":{"line":34,"column":21},"end":{"line":59,"column":1}},"8":{"start":{"line":35,"column":2},"end":{"line":58,"column":3}},"9":{"start":{"line":36,"column":26},"end":{"line":36,"column":53}},"10":{"start":{"line":38,"column":17},"end":{"line":38,"column":47}},"11":{"start":{"line":40,"column":18},"end":{"line":40,"column":37}},"12":{"start":{"line":42,"column":4},"end":{"line":52,"column":7}},"13":{"start":{"line":54,"column":4},"end":{"line":57,"column":7}},"14":{"start":{"line":62,"column":30},"end":{"line":79,"column":1}},"15":{"start":{"line":63,"column":2},"end":{"line":78,"column":3}},"16":{"start":{"line":64,"column":4},"end":{"line":72,"column":7}},"17":{"start":{"line":74,"column":4},"end":{"line":77,"column":7}}},"fnMap":{"0":{"name":"(anonymous_0)","decl":{"start":{"line":6,"column":24},"end":{"line":6,"column":25}},"loc":{"start":{"line":6,"column":44},"end":{"line":31,"column":1}},"line":6},"1":{"name":"(anonymous_1)","decl":{"start":{"line":34,"column":21},"end":{"line":34,"column":22}},"loc":{"start":{"line":34,"column":41},"end":{"line":59,"column":1}},"line":34},"2":{"name":"(anonymous_2)","decl":{"start":{"line":62,"column":30},"end":{"line":62,"column":31}},"loc":{"start":{"line":62,"column":50},"end":{"line":79,"column":1}},"line":62}},"branchMap":{},"s":{"0":13,"1":26,"2":26,"3":26,"4":26,"5":26,"6":0,"7":13,"8":2,"9":2,"10":2,"11":1,"12":1,"13":1,"14":13,"15":1,"16":1,"17":0},"f":{"0":26,"1":2,"2":1},"b":{},"_coverageSchema":"1a1c01bbd47fc00a2c39e90264f33305004495a9","hash":"594d4c4a8ddb5ab6d229315dbcd0aa684ea85610"}
,"C:\\Users\\Administrator\\SmartFit\\server\\controllers\\exercise.controller.js": {"path":"C:\\Users\\Administrator\\SmartFit\\server\\controllers\\exercise.controller.js","statementMap":{"0":{"start":{"line":16,"column":37},"end":{"line":33,"column":1}},"1":{"start":{"line":17,"column":2},"end":{"line":32,"column":3}},"2":{"start":{"line":18,"column":26},"end":{"line":18,"column":56}},"3":{"start":{"line":20,"column":21},"end":{"line":20,"column":56}},"4":{"start":{"line":22,"column":4},"end":{"line":26,"column":7}},"5":{"start":{"line":28,"column":4},"end":{"line":31,"column":7}},"6":{"start":{"line":36,"column":31},"end":{"line":51,"column":1}},"7":{"start":{"line":37,"column":2},"end":{"line":50,"column":3}},"8":{"start":{"line":38,"column":22},"end":{"line":38,"column":42}},"9":{"start":{"line":40,"column":4},"end":{"line":44,"column":7}},"10":{"start":{"line":46,"column":4},"end":{"line":49,"column":7}},"11":{"start":{"line":54,"column":31},"end":{"line":68,"column":1}},"12":{"start":{"line":55,"column":2},"end":{"line":67,"column":3}},"13":{"start":{"line":56,"column":21},"end":{"line":56,"column":61}},"14":{"start":{"line":58,"column":4},"end":{"line":61,"column":7}},"15":{"start":{"line":63,"column":4},"end":{"line":66,"column":7}},"16":{"start":{"line":71,"column":37},"end":{"line":88,"column":1}},"17":{"start":{"line":72,"column":2},"end":{"line":87,"column":3}},"18":{"start":{"line":73,"column":22},"end":{"line":75,"column":5}},"19":{"start":{"line":77,"column":4},"end":{"line":81,"column":7}},"20":{"start":{"line":83,"column":4},"end":{"line":86,"column":7}},"21":{"start":{"line":91,"column":37},"end":{"line":111,"column":1}},"22":{"start":{"line":92,"column":2},"end":{"line":110,"column":3}},"23":{"start":{"line":93,"column":26},"end":{"line":93,"column":62}},"24":{"start":{"line":95,"column":21},"end":{"line":98,"column":5}},"25":{"start":{"line":100,"column":4},"end":{"line":104,"column":7}},"26":{"start":{"line":106,"column":4},"end":{"line":109,"column":7}},"27":{"start":{"line":114,"column":37},"end":{"line":128,"column":1}},"28":{"start":{"line":115,"column":2},"end":{"line":127,"column":3}},"29":{"start":{"line":116,"column":19},"end":{"line":116,"column":62}},"30":{"start":{"line":118,"column":4},"end":{"line":121,"column":7}},"31":{"start":{"line":123,"column":4},"end":{"line":126,"column":7}}},"fnMap":{"0":{"name":"(anonymous_0)","decl":{"start":{"line":16,"column":37},"end":{"line":16,"column":38}},"loc":{"start":{"line":16,"column":57},"end":{"line":33,"column":1}},"line":16},"1":{"name":"(anonymous_1)","decl":{"start":{"line":36,"column":31},"end":{"line":36,"column":32}},"loc":{"start":{"line":36,"column":51},"end":{"line":51,"column":1}},"line":36},"2":{"name":"(anonymous_2)","decl":{"start":{"line":54,"column":31},"end":{"line":54,"column":32}},"loc":{"start":{"line":54,"column":51},"end":{"line":68,"column":1}},"line":54},"3":{"name":"(anonymous_3)","decl":{"start":{"line":71,"column":37},"end":{"line":71,"column":38}},"loc":{"start":{"line":71,"column":57},"end":{"line":88,"column":1}},"line":71},"4":{"name":"(anonymous_4)","decl":{"start":{"line":91,"column":37},"end":{"line":91,"column":38}},"loc":{"start":{"line":91,"column":57},"end":{"line":111,"column":1}},"line":91},"5":{"name":"(anonymous_5)","decl":{"start":{"line":114,"column":37},"end":{"line":114,"column":38}},"loc":{"start":{"line":114,"column":57},"end":{"line":128,"column":1}},"line":114}},"branchMap":{},"s":{"0":13,"1":1,"2":1,"3":1,"4":1,"5":0,"6":13,"7":1,"8":1,"9":1,"10":0,"11":13,"12":1,"13":1,"14":1,"15":0,"16":13,"17":0,"18":0,"19":0,"20":0,"21":13,"22":1,"23":1,"24":1,"25":1,"26":0,"27":13,"28":1,"29":1,"30":1,"31":0},"f":{"0":1,"1":1,"2":1,"3":0,"4":1,"5":1},"b":{},"_coverageSchema":"1a1c01bbd47fc00a2c39e90264f33305004495a9","hash":"01dc9a41d9b3186c6b569f7ca383351ee5748f45"}
,"C:\\Users\\Administrator\\SmartFit\\server\\controllers\\meal.controller.js": {"path":"C:\\Users\\Administrator\\SmartFit\\server\\controllers\\meal.controller.js","statementMap":{"0":{"start":{"line":16,"column":37},"end":{"line":33,"column":1}},"1":{"start":{"line":17,"column":2},"end":{"line":32,"column":3}},"2":{"start":{"line":18,"column":26},"end":{"line":18,"column":56}},"3":{"start":{"line":20,"column":21},"end":{"line":20,"column":56}},"4":{"start":{"line":22,"column":4},"end":{"line":26,"column":7}},"5":{"start":{"line":28,"column":4},"end":{"line":31,"column":7}},"6":{"start":{"line":36,"column":31},"end":{"line":51,"column":1}},"7":{"start":{"line":37,"column":2},"end":{"line":50,"column":3}},"8":{"start":{"line":38,"column":22},"end":{"line":38,"column":42}},"9":{"start":{"line":40,"column":4},"end":{"line":44,"column":7}},"10":{"start":{"line":46,"column":4},"end":{"line":49,"column":7}},"11":{"start":{"line":54,"column":31},"end":{"line":68,"column":1}},"12":{"start":{"line":55,"column":2},"end":{"line":67,"column":3}},"13":{"start":{"line":56,"column":21},"end":{"line":56,"column":61}},"14":{"start":{"line":58,"column":4},"end":{"line":61,"column":7}},"15":{"start":{"line":63,"column":4},"end":{"line":66,"column":7}},"16":{"start":{"line":71,"column":35},"end":{"line":86,"column":1}},"17":{"start":{"line":72,"column":2},"end":{"line":85,"column":3}},"18":{"start":{"line":73,"column":22},"end":{"line":73,"column":63}},"19":{"start":{"line":75,"column":4},"end":{"line":79,"column":7}},"20":{"start":{"line":81,"column":4},"end":{"line":84,"column":7}},"21":{"start":{"line":89,"column":37},"end":{"line":109,"column":1}},"22":{"start":{"line":90,"column":2},"end":{"line":108,"column":3}},"23":{"start":{"line":91,"column":26},"end":{"line":91,"column":62}},"24":{"start":{"line":93,"column":21},"end":{"line":96,"column":5}},"25":{"start":{"line":98,"column":4},"end":{"line":102,"column":7}},"26":{"start":{"line":104,"column":4},"end":{"line":107,"column":7}},"27":{"start":{"line":112,"column":37},"end":{"line":126,"column":1}},"28":{"start":{"line":113,"column":2},"end":{"line":125,"column":3}},"29":{"start":{"line":114,"column":19},"end":{"line":114,"column":62}},"30":{"start":{"line":116,"column":4},"end":{"line":119,"column":7}},"31":{"start":{"line":121,"column":4},"end":{"line":124,"column":7}}},"fnMap":{"0":{"name":"(anonymous_0)","decl":{"start":{"line":16,"column":37},"end":{"line":16,"column":38}},"loc":{"start":{"line":16,"column":57},"end":{"line":33,"column":1}},"line":16},"1":{"name":"(anonymous_1)","decl":{"start":{"line":36,"column":31},"end":{"line":36,"column":32}},"loc":{"start":{"line":36,"column":51},"end":{"line":51,"column":1}},"line":36},"2":{"name":"(anonymous_2)","decl":{"start":{"line":54,"column":31},"end":{"line":54,"column":32}},"loc":{"start":{"line":54,"column":51},"end":{"line":68,"column":1}},"line":54},"3":{"name":"(anonymous_3)","decl":{"start":{"line":71,"column":35},"end":{"line":71,"column":36}},"loc":{"start":{"line":71,"column":55},"end":{"line":86,"column":1}},"line":71},"4":{"name":"(anonymous_4)","decl":{"start":{"line":89,"column":37},"end":{"line":89,"column":38}},"loc":{"start":{"line":89,"column":57},"end":{"line":109,"column":1}},"line":89},"5":{"name":"(anonymous_5)","decl":{"start":{"line":112,"column":37},"end":{"line":112,"column":38}},"loc":{"start":{"line":112,"column":57},"end":{"line":126,"column":1}},"line":112}},"branchMap":{},"s":{"0":13,"1":3,"2":3,"3":3,"4":3,"5":0,"6":13,"7":1,"8":1,"9":1,"10":0,"11":13,"12":1,"13":1,"14":1,"15":0,"16":13,"17":0,"18":0,"19":0,"20":0,"21":13,"22":1,"23":1,"24":1,"25":1,"26":0,"27":13,"28":1,"29":1,"30":1,"31":0},"f":{"0":3,"1":1,"2":1,"3":0,"4":1,"5":1},"b":{},"_coverageSchema":"1a1c01bbd47fc00a2c39e90264f33305004495a9","hash":"800a3eb0a7098670da5662474d36ef3d93bd6f60"}
,"C:\\Users\\Administrator\\SmartFit\\server\\controllers\\member.controller.js": {"path":"C:\\Users\\Administrator\\SmartFit\\server\\controllers\\member.controller.js","statementMap":{"0":{"start":{"line":14,"column":29},"end":{"line":37,"column":1}},"1":{"start":{"line":15,"column":2},"end":{"line":36,"column":3}},"2":{"start":{"line":16,"column":26},"end":{"line":16,"column":61}},"3":{"start":{"line":18,"column":20},"end":{"line":18,"column":73}},"4":{"start":{"line":20,"column":4},"end":{"line":24,"column":7}},"5":{"start":{"line":26,"column":17},"end":{"line":26,"column":20}},"6":{"start":{"line":28,"column":4},"end":{"line":30,"column":5}},"7":{"start":{"line":29,"column":6},"end":{"line":29,"column":19}},"8":{"start":{"line":32,"column":4},"end":{"line":35,"column":7}},"9":{"start":{"line":40,"column":26},"end":{"line":56,"column":1}},"10":{"start":{"line":41,"column":2},"end":{"line":55,"column":3}},"11":{"start":{"line":42,"column":20},"end":{"line":42,"column":55}},"12":{"start":{"line":44,"column":4},"end":{"line":47,"column":7}},"13":{"start":{"line":49,"column":17},"end":{"line":49,"column":20}},"14":{"start":{"line":51,"column":4},"end":{"line":54,"column":7}},"15":{"start":{"line":59,"column":29},"end":{"line":82,"column":1}},"16":{"start":{"line":60,"column":2},"end":{"line":81,"column":3}},"17":{"start":{"line":61,"column":26},"end":{"line":61,"column":67}},"18":{"start":{"line":63,"column":20},"end":{"line":63,"column":73}},"19":{"start":{"line":65,"column":4},"end":{"line":69,"column":7}},"20":{"start":{"line":71,"column":17},"end":{"line":71,"column":20}},"21":{"start":{"line":73,"column":4},"end":{"line":75,"column":5}},"22":{"start":{"line":74,"column":6},"end":{"line":74,"column":19}},"23":{"start":{"line":77,"column":4},"end":{"line":80,"column":7}},"24":{"start":{"line":85,"column":37},"end":{"line":114,"column":1}},"25":{"start":{"line":86,"column":2},"end":{"line":113,"column":3}},"26":{"start":{"line":87,"column":36},"end":{"line":87,"column":46}},"27":{"start":{"line":89,"column":19},"end":{"line":92,"column":5}},"28":{"start":{"line":94,"column":4},"end":{"line":98,"column":7}},"29":{"start":{"line":100,"column":17},"end":{"line":100,"column":20}},"30":{"start":{"line":102,"column":4},"end":{"line":107,"column":5}},"31":{"start":{"line":106,"column":6},"end":{"line":106,"column":19}},"32":{"start":{"line":109,"column":4},"end":{"line":112,"column":7}}},"fnMap":{"0":{"name":"(anonymous_0)","decl":{"start":{"line":14,"column":29},"end":{"line":14,"column":30}},"loc":{"start":{"line":14,"column":49},"end":{"line":37,"column":1}},"line":14},"1":{"name":"(anonymous_1)","decl":{"start":{"line":40,"column":26},"end":{"line":40,"column":27}},"loc":{"start":{"line":40,"column":46},"end":{"line":56,"column":1}},"line":40},"2":{"name":"(anonymous_2)","decl":{"start":{"line":59,"column":29},"end":{"line":59,"column":30}},"loc":{"start":{"line":59,"column":49},"end":{"line":82,"column":1}},"line":59},"3":{"name":"(anonymous_3)","decl":{"start":{"line":85,"column":37},"end":{"line":85,"column":38}},"loc":{"start":{"line":85,"column":57},"end":{"line":114,"column":1}},"line":85}},"branchMap":{"0":{"loc":{"start":{"line":28,"column":4},"end":{"line":30,"column":5}},"type":"if","locations":[{"start":{"line":28,"column":4},"end":{"line":30,"column":5}},{"start":{},"end":{}}],"line":28},"1":{"loc":{"start":{"line":73,"column":4},"end":{"line":75,"column":5}},"type":"if","locations":[{"start":{"line":73,"column":4},"end":{"line":75,"column":5}},{"start":{},"end":{}}],"line":73},"2":{"loc":{"start":{"line":102,"column":4},"end":{"line":107,"column":5}},"type":"if","locations":[{"start":{"line":102,"column":4},"end":{"line":107,"column":5}},{"start":{},"end":{}}],"line":102},"3":{"loc":{"start":{"line":103,"column":6},"end":{"line":104,"column":52}},"type":"binary-expr","locations":[{"start":{"line":103,"column":6},"end":{"line":103,"column":51}},{"start":{"line":104,"column":6},"end":{"line":104,"column":52}}],"line":103}},"s":{"0":13,"1":6,"2":6,"3":6,"4":6,"5":0,"6":0,"7":0,"8":0,"9":13,"10":0,"11":0,"12":0,"13":0,"14":0,"15":13,"16":0,"17":0,"18":0,"19":0,"20":0,"21":0,"22":0,"23":0,"24":13,"25":0,"26":0,"27":0,"28":0,"29":0,"30":0,"31":0,"32":0},"f":{"0":6,"1":0,"2":0,"3":0},"b":{"0":[0,0],"1":[0,0],"2":[0,0],"3":[0,0]},"_coverageSchema":"1a1c01bbd47fc00a2c39e90264f33305004495a9","hash":"da48d6e086da62a910c876f991121284d29d04b3"}
,"C:\\Users\\Administrator\\SmartFit\\server\\controllers\\nutrition.controller.js": {"path":"C:\\Users\\Administrator\\SmartFit\\server\\controllers\\nutrition.controller.js","statementMap":{"0":{"start":{"line":4,"column":33},"end":{"line":29,"column":1}},"1":{"start":{"line":5,"column":2},"end":{"line":28,"column":3}},"2":{"start":{"line":6,"column":21},"end":{"line":6,"column":48}},"3":{"start":{"line":9,"column":4},"end":{"line":14,"column":5}},"4":{"start":{"line":10,"column":6},"end":{"line":13,"column":9}},"5":{"start":{"line":16,"column":27},"end":{"line":16,"column":74}},"6":{"start":{"line":18,"column":4},"end":{"line":22,"column":7}},"7":{"start":{"line":24,"column":4},"end":{"line":27,"column":7}}},"fnMap":{"0":{"name":"(anonymous_0)","decl":{"start":{"line":4,"column":33},"end":{"line":4,"column":34}},"loc":{"start":{"line":4,"column":53},"end":{"line":29,"column":1}},"line":4}},"branchMap":{"0":{"loc":{"start":{"line":9,"column":4},"end":{"line":14,"column":5}},"type":"if","locations":[{"start":{"line":9,"column":4},"end":{"line":14,"column":5}},{"start":{},"end":{}}],"line":9}},"s":{"0":13,"1":3,"2":3,"3":3,"4":0,"5":3,"6":2,"7":1},"f":{"0":3},"b":{"0":[0,3]},"_coverageSchema":"1a1c01bbd47fc00a2c39e90264f33305004495a9","hash":"4cbca8257de2b50717c966e726af3f2fb5cb0146"}
,"C:\\Users\\Administrator\\SmartFit\\server\\controllers\\nutritionRecommendation.controller.js": {"path":"C:\\Users\\Administrator\\SmartFit\\server\\controllers\\nutritionRecommendation.controller.js","statementMap":{"0":{"start":{"line":4,"column":43},"end":{"line":23,"column":1}},"1":{"start":{"line":5,"column":2},"end":{"line":22,"column":3}},"2":{"start":{"line":6,"column":25},"end":{"line":6,"column":35}},"3":{"start":{"line":9,"column":6},"end":{"line":9,"column":54}},"4":{"start":{"line":11,"column":4},"end":{"line":16,"column":7}},"5":{"start":{"line":18,"column":4},"end":{"line":21,"column":7}}},"fnMap":{"0":{"name":"(anonymous_0)","decl":{"start":{"line":4,"column":43},"end":{"line":4,"column":44}},"loc":{"start":{"line":4,"column":63},"end":{"line":23,"column":1}},"line":4}},"branchMap":{},"s":{"0":13,"1":1,"2":1,"3":1,"4":1,"5":0},"f":{"0":1},"b":{},"_coverageSchema":"1a1c01bbd47fc00a2c39e90264f33305004495a9","hash":"f6fa222a8e588d6a8f9a597cc06846016fcf2d7a"}
,"C:\\Users\\Administrator\\SmartFit\\server\\controllers\\progress.controller.js": {"path":"C:\\Users\\Administrator\\SmartFit\\server\\controllers\\progress.controller.js","statementMap":{"0":{"start":{"line":9,"column":33},"end":{"line":31,"column":1}},"1":{"start":{"line":10,"column":2},"end":{"line":30,"column":3}},"2":{"start":{"line":12,"column":26},"end":{"line":12,"column":56}},"3":{"start":{"line":15,"column":21},"end":{"line":18,"column":5}},"4":{"start":{"line":20,"column":4},"end":{"line":24,"column":7}},"5":{"start":{"line":26,"column":4},"end":{"line":29,"column":7}},"6":{"start":{"line":34,"column":31},"end":{"line":49,"column":1}},"7":{"start":{"line":35,"column":2},"end":{"line":48,"column":3}},"8":{"start":{"line":36,"column":21},"end":{"line":36,"column":58}},"9":{"start":{"line":38,"column":4},"end":{"line":42,"column":7}},"10":{"start":{"line":44,"column":4},"end":{"line":47,"column":7}}},"fnMap":{"0":{"name":"(anonymous_0)","decl":{"start":{"line":9,"column":33},"end":{"line":9,"column":34}},"loc":{"start":{"line":9,"column":53},"end":{"line":31,"column":1}},"line":9},"1":{"name":"(anonymous_1)","decl":{"start":{"line":34,"column":31},"end":{"line":34,"column":32}},"loc":{"start":{"line":34,"column":51},"end":{"line":49,"column":1}},"line":34}},"branchMap":{},"s":{"0":13,"1":1,"2":1,"3":1,"4":1,"5":0,"6":13,"7":1,"8":1,"9":1,"10":0},"f":{"0":1,"1":1},"b":{},"_coverageSchema":"1a1c01bbd47fc00a2c39e90264f33305004495a9","hash":"772a2f938a0d8f2f72ca5479ab68d0ebbc29938e"}
,"C:\\Users\\Administrator\\SmartFit\\server\\controllers\\recommendation.controller.js": {"path":"C:\\Users\\Administrator\\SmartFit\\server\\controllers\\recommendation.controller.js","statementMap":{"0":{"start":{"line":4,"column":34},"end":{"line":29,"column":1}},"1":{"start":{"line":5,"column":2},"end":{"line":28,"column":3}},"2":{"start":{"line":6,"column":21},"end":{"line":6,"column":48}},"3":{"start":{"line":8,"column":4},"end":{"line":13,"column":5}},"4":{"start":{"line":9,"column":6},"end":{"line":12,"column":9}},"5":{"start":{"line":15,"column":28},"end":{"line":15,"column":67}},"6":{"start":{"line":17,"column":4},"end":{"line":22,"column":7}},"7":{"start":{"line":24,"column":4},"end":{"line":27,"column":7}}},"fnMap":{"0":{"name":"(anonymous_0)","decl":{"start":{"line":4,"column":34},"end":{"line":4,"column":35}},"loc":{"start":{"line":4,"column":54},"end":{"line":29,"column":1}},"line":4}},"branchMap":{"0":{"loc":{"start":{"line":8,"column":4},"end":{"line":13,"column":5}},"type":"if","locations":[{"start":{"line":8,"column":4},"end":{"line":13,"column":5}},{"start":{},"end":{}}],"line":8}},"s":{"0":13,"1":3,"2":3,"3":3,"4":1,"5":2,"6":1,"7":1},"f":{"0":3},"b":{"0":[1,2]},"_coverageSchema":"1a1c01bbd47fc00a2c39e90264f33305004495a9","hash":"1e06d5dbc24eb40cb06f6e7f2d7bf65973b543ab"}
,"C:\\Users\\Administrator\\SmartFit\\server\\controllers\\trainer.controller.js": {"path":"C:\\Users\\Administrator\\SmartFit\\server\\controllers\\trainer.controller.js","statementMap":{"0":{"start":{"line":8,"column":29},"end":{"line":28,"column":1}},"1":{"start":{"line":9,"column":2},"end":{"line":27,"column":3}},"2":{"start":{"line":10,"column":26},"end":{"line":10,"column":62}},"3":{"start":{"line":12,"column":20},"end":{"line":15,"column":5}},"4":{"start":{"line":17,"column":4},"end":{"line":21,"column":7}},"5":{"start":{"line":23,"column":4},"end":{"line":26,"column":7}},"6":{"start":{"line":31,"column":27},"end":{"line":46,"column":1}},"7":{"start":{"line":32,"column":2},"end":{"line":45,"column":3}},"8":{"start":{"line":33,"column":21},"end":{"line":33,"column":43}},"9":{"start":{"line":35,"column":4},"end":{"line":39,"column":7}},"10":{"start":{"line":41,"column":4},"end":{"line":44,"column":7}}},"fnMap":{"0":{"name":"(anonymous_0)","decl":{"start":{"line":8,"column":29},"end":{"line":8,"column":30}},"loc":{"start":{"line":8,"column":49},"end":{"line":28,"column":1}},"line":8},"1":{"name":"(anonymous_1)","decl":{"start":{"line":31,"column":27},"end":{"line":31,"column":28}},"loc":{"start":{"line":31,"column":47},"end":{"line":46,"column":1}},"line":31}},"branchMap":{},"s":{"0":13,"1":2,"2":2,"3":2,"4":2,"5":0,"6":13,"7":1,"8":1,"9":1,"10":0},"f":{"0":2,"1":1},"b":{},"_coverageSchema":"1a1c01bbd47fc00a2c39e90264f33305004495a9","hash":"b0a69e8913de36c1124a6e43c13da4ed0ee952c9"}
,"C:\\Users\\Administrator\\SmartFit\\server\\controllers\\workout.controller.js": {"path":"C:\\Users\\Administrator\\SmartFit\\server\\controllers\\workout.controller.js","statementMap":{"0":{"start":{"line":18,"column":33},"end":{"line":35,"column":1}},"1":{"start":{"line":19,"column":2},"end":{"line":34,"column":3}},"2":{"start":{"line":20,"column":26},"end":{"line":20,"column":55}},"3":{"start":{"line":22,"column":20},"end":{"line":22,"column":54}},"4":{"start":{"line":24,"column":4},"end":{"line":28,"column":7}},"5":{"start":{"line":30,"column":4},"end":{"line":33,"column":7}},"6":{"start":{"line":40,"column":27},"end":{"line":55,"column":1}},"7":{"start":{"line":41,"column":2},"end":{"line":54,"column":3}},"8":{"start":{"line":42,"column":21},"end":{"line":42,"column":43}},"9":{"start":{"line":44,"column":4},"end":{"line":48,"column":7}},"10":{"start":{"line":50,"column":4},"end":{"line":53,"column":7}},"11":{"start":{"line":60,"column":26},"end":{"line":74,"column":1}},"12":{"start":{"line":61,"column":2},"end":{"line":73,"column":3}},"13":{"start":{"line":62,"column":20},"end":{"line":62,"column":63}},"14":{"start":{"line":64,"column":4},"end":{"line":67,"column":7}},"15":{"start":{"line":69,"column":4},"end":{"line":72,"column":7}},"16":{"start":{"line":79,"column":33},"end":{"line":99,"column":1}},"17":{"start":{"line":80,"column":2},"end":{"line":98,"column":3}},"18":{"start":{"line":81,"column":26},"end":{"line":81,"column":61}},"19":{"start":{"line":83,"column":20},"end":{"line":86,"column":5}},"20":{"start":{"line":88,"column":4},"end":{"line":92,"column":7}},"21":{"start":{"line":94,"column":4},"end":{"line":97,"column":7}},"22":{"start":{"line":104,"column":29},"end":{"line":118,"column":1}},"23":{"start":{"line":105,"column":2},"end":{"line":117,"column":3}},"24":{"start":{"line":106,"column":19},"end":{"line":106,"column":61}},"25":{"start":{"line":108,"column":4},"end":{"line":111,"column":7}},"26":{"start":{"line":113,"column":4},"end":{"line":116,"column":7}},"27":{"start":{"line":123,"column":29},"end":{"line":141,"column":1}},"28":{"start":{"line":124,"column":2},"end":{"line":140,"column":3}},"29":{"start":{"line":125,"column":22},"end":{"line":125,"column":50}},"30":{"start":{"line":126,"column":21},"end":{"line":126,"column":48}},"31":{"start":{"line":128,"column":19},"end":{"line":128,"column":67}},"32":{"start":{"line":130,"column":4},"end":{"line":134,"column":7}},"33":{"start":{"line":136,"column":4},"end":{"line":139,"column":7}}},"fnMap":{"0":{"name":"(anonymous_0)","decl":{"start":{"line":18,"column":33},"end":{"line":18,"column":34}},"loc":{"start":{"line":18,"column":53},"end":{"line":35,"column":1}},"line":18},"1":{"name":"(anonymous_1)","decl":{"start":{"line":40,"column":27},"end":{"line":40,"column":28}},"loc":{"start":{"line":40,"column":47},"end":{"line":55,"column":1}},"line":40},"2":{"name":"(anonymous_2)","decl":{"start":{"line":60,"column":26},"end":{"line":60,"column":27}},"loc":{"start":{"line":60,"column":46},"end":{"line":74,"column":1}},"line":60},"3":{"name":"(anonymous_3)","decl":{"start":{"line":79,"column":33},"end":{"line":79,"column":34}},"loc":{"start":{"line":79,"column":53},"end":{"line":99,"column":1}},"line":79},"4":{"name":"(anonymous_4)","decl":{"start":{"line":104,"column":29},"end":{"line":104,"column":30}},"loc":{"start":{"line":104,"column":49},"end":{"line":118,"column":1}},"line":104},"5":{"name":"(anonymous_5)","decl":{"start":{"line":123,"column":29},"end":{"line":123,"column":30}},"loc":{"start":{"line":123,"column":49},"end":{"line":141,"column":1}},"line":123}},"branchMap":{},"s":{"0":13,"1":5,"2":5,"3":5,"4":5,"5":0,"6":13,"7":1,"8":1,"9":1,"10":0,"11":13,"12":1,"13":1,"14":1,"15":0,"16":13,"17":1,"18":1,"19":1,"20":1,"21":0,"22":13,"23":1,"24":1,"25":1,"26":0,"27":13,"28":1,"29":1,"30":1,"31":1,"32":1,"33":0},"f":{"0":5,"1":1,"2":1,"3":1,"4":1,"5":1},"b":{},"_coverageSchema":"1a1c01bbd47fc00a2c39e90264f33305004495a9","hash":"e6626e8f796ea3e35c53305891925450d865c526"}
,"C:\\Users\\Administrator\\SmartFit\\server\\controllers\\workoutLog.controller.js": {"path":"C:\\Users\\Administrator\\SmartFit\\server\\controllers\\workoutLog.controller.js","statementMap":{"0":{"start":{"line":7,"column":31},"end":{"line":22,"column":1}},"1":{"start":{"line":8,"column":2},"end":{"line":21,"column":3}},"2":{"start":{"line":9,"column":20},"end":{"line":9,"column":69}},"3":{"start":{"line":11,"column":4},"end":{"line":15,"column":7}},"4":{"start":{"line":17,"column":4},"end":{"line":20,"column":7}},"5":{"start":{"line":25,"column":36},"end":{"line":40,"column":1}},"6":{"start":{"line":26,"column":2},"end":{"line":39,"column":3}},"7":{"start":{"line":27,"column":21},"end":{"line":27,"column":57}},"8":{"start":{"line":29,"column":4},"end":{"line":33,"column":7}},"9":{"start":{"line":35,"column":4},"end":{"line":38,"column":7}}},"fnMap":{"0":{"name":"(anonymous_0)","decl":{"start":{"line":7,"column":31},"end":{"line":7,"column":32}},"loc":{"start":{"line":7,"column":51},"end":{"line":22,"column":1}},"line":7},"1":{"name":"(anonymous_1)","decl":{"start":{"line":25,"column":36},"end":{"line":25,"column":37}},"loc":{"start":{"line":25,"column":56},"end":{"line":40,"column":1}},"line":25}},"branchMap":{},"s":{"0":13,"1":1,"2":1,"3":1,"4":0,"5":13,"6":1,"7":1,"8":1,"9":0},"f":{"0":1,"1":1},"b":{},"_coverageSchema":"1a1c01bbd47fc00a2c39e90264f33305004495a9","hash":"4880e70425041dd7f834bea02c5b459f246babcf"}
,"C:\\Users\\Administrator\\SmartFit\\server\\middleware\\auth.middleware.js": {"path":"C:\\Users\\Administrator\\SmartFit\\server\\middleware\\auth.middleware.js","statementMap":{"0":{"start":{"line":5,"column":28},"end":{"line":42,"column":1}},"1":{"start":{"line":6,"column":2},"end":{"line":41,"column":3}},"2":{"start":{"line":7,"column":23},"end":{"line":7,"column":48}},"3":{"start":{"line":9,"column":4},"end":{"line":14,"column":5}},"4":{"start":{"line":10,"column":6},"end":{"line":13,"column":9}},"5":{"start":{"line":16,"column":18},"end":{"line":16,"column":42}},"6":{"start":{"line":18,"column":20},"end":{"line":18,"column":61}},"7":{"start":{"line":20,"column":17},"end":{"line":24,"column":6}},"8":{"start":{"line":26,"column":4},"end":{"line":31,"column":5}},"9":{"start":{"line":27,"column":6},"end":{"line":30,"column":9}},"10":{"start":{"line":33,"column":4},"end":{"line":33,"column":20}},"11":{"start":{"line":35,"column":4},"end":{"line":35,"column":11}},"12":{"start":{"line":37,"column":4},"end":{"line":40,"column":7}},"13":{"start":{"line":45,"column":25},"end":{"line":57,"column":1}},"14":{"start":{"line":46,"column":2},"end":{"line":56,"column":4}},"15":{"start":{"line":47,"column":4},"end":{"line":53,"column":5}},"16":{"start":{"line":48,"column":6},"end":{"line":52,"column":9}},"17":{"start":{"line":55,"column":4},"end":{"line":55,"column":11}}},"fnMap":{"0":{"name":"(anonymous_0)","decl":{"start":{"line":5,"column":28},"end":{"line":5,"column":29}},"loc":{"start":{"line":5,"column":54},"end":{"line":42,"column":1}},"line":5},"1":{"name":"(anonymous_1)","decl":{"start":{"line":45,"column":25},"end":{"line":45,"column":26}},"loc":{"start":{"line":45,"column":39},"end":{"line":57,"column":1}},"line":45},"2":{"name":"(anonymous_2)","decl":{"start":{"line":46,"column":9},"end":{"line":46,"column":10}},"loc":{"start":{"line":46,"column":29},"end":{"line":56,"column":3}},"line":46}},"branchMap":{"0":{"loc":{"start":{"line":9,"column":4},"end":{"line":14,"column":5}},"type":"if","locations":[{"start":{"line":9,"column":4},"end":{"line":14,"column":5}},{"start":{},"end":{}}],"line":9},"1":{"loc":{"start":{"line":9,"column":8},"end":{"line":9,"column":56}},"type":"binary-expr","locations":[{"start":{"line":9,"column":8},"end":{"line":9,"column":19}},{"start":{"line":9,"column":23},"end":{"line":9,"column":56}}],"line":9},"2":{"loc":{"start":{"line":26,"column":4},"end":{"line":31,"column":5}},"type":"if","locations":[{"start":{"line":26,"column":4},"end":{"line":31,"column":5}},{"start":{},"end":{}}],"line":26},"3":{"loc":{"start":{"line":47,"column":4},"end":{"line":53,"column":5}},"type":"if","locations":[{"start":{"line":47,"column":4},"end":{"line":53,"column":5}},{"start":{},"end":{}}],"line":47}},"s":{"0":13,"1":63,"2":63,"3":63,"4":4,"5":59,"6":59,"7":59,"8":59,"9":0,"10":59,"11":59,"12":0,"13":13,"14":273,"15":39,"16":5,"17":34},"f":{"0":63,"1":273,"2":39},"b":{"0":[4,59],"1":[63,59],"2":[0,59],"3":[5,34]},"_coverageSchema":"1a1c01bbd47fc00a2c39e90264f33305004495a9","hash":"24f3244357dd9f52d28fd22edfd612830dcc4be6"}
,"C:\\Users\\Administrator\\SmartFit\\server\\middleware\\role.middleware.js": {"path":"C:\\Users\\Administrator\\SmartFit\\server\\middleware\\role.middleware.js","statementMap":{"0":{"start":{"line":1,"column":25},"end":{"line":26,"column":1}},"1":{"start":{"line":2,"column":2},"end":{"line":25,"column":4}},"2":{"start":{"line":3,"column":4},"end":{"line":24,"column":5}},"3":{"start":{"line":4,"column":6},"end":{"line":9,"column":7}},"4":{"start":{"line":5,"column":8},"end":{"line":8,"column":11}},"5":{"start":{"line":11,"column":6},"end":{"line":16,"column":7}},"6":{"start":{"line":12,"column":8},"end":{"line":15,"column":11}},"7":{"start":{"line":18,"column":6},"end":{"line":18,"column":13}},"8":{"start":{"line":20,"column":6},"end":{"line":23,"column":9}}},"fnMap":{"0":{"name":"(anonymous_0)","decl":{"start":{"line":1,"column":25},"end":{"line":1,"column":26}},"loc":{"start":{"line":1,"column":46},"end":{"line":26,"column":1}},"line":1},"1":{"name":"(anonymous_1)","decl":{"start":{"line":2,"column":9},"end":{"line":2,"column":10}},"loc":{"start":{"line":2,"column":29},"end":{"line":25,"column":3}},"line":2}},"branchMap":{"0":{"loc":{"start":{"line":4,"column":6},"end":{"line":9,"column":7}},"type":"if","locations":[{"start":{"line":4,"column":6},"end":{"line":9,"column":7}},{"start":{},"end":{}}],"line":4},"1":{"loc":{"start":{"line":11,"column":6},"end":{"line":16,"column":7}},"type":"if","locations":[{"start":{"line":11,"column":6},"end":{"line":16,"column":7}},{"start":{},"end":{}}],"line":11}},"s":{"0":13,"1":13,"2":0,"3":0,"4":0,"5":0,"6":0,"7":0,"8":0},"f":{"0":13,"1":0},"b":{"0":[0,0],"1":[0,0]},"_coverageSchema":"1a1c01bbd47fc00a2c39e90264f33305004495a9","hash":"1c029f6dd3375c9d02663d371b0fefe4a5c935cc"}
,"C:\\Users\\Administrator\\SmartFit\\server\\routes\\admin.routes.js": {"path":"C:\\Users\\Administrator\\SmartFit\\server\\routes\\admin.routes.js","statementMap":{"0":{"start":{"line":6,"column":15},"end":{"line":6,"column":31}},"1":{"start":{"line":9,"column":0},"end":{"line":9,"column":75}}},"fnMap":{},"branchMap":{},"s":{"0":13,"1":13},"f":{},"b":{},"_coverageSchema":"1a1c01bbd47fc00a2c39e90264f33305004495a9","hash":"20ab1feeff210a246250fe7f55bbab31474989f8"}
,"C:\\Users\\Administrator\\SmartFit\\server\\routes\\adminDashboard.routes.js": {"path":"C:\\Users\\Administrator\\SmartFit\\server\\routes\\adminDashboard.routes.js","statementMap":{"0":{"start":{"line":8,"column":15},"end":{"line":8,"column":31}},"1":{"start":{"line":34,"column":0},"end":{"line":39,"column":2}}},"fnMap":{},"branchMap":{},"s":{"0":13,"1":13},"f":{},"b":{},"_coverageSchema":"1a1c01bbd47fc00a2c39e90264f33305004495a9","hash":"7ab6cd4b0ecd99248269722765ada52d5be3dcf3"}
,"C:\\Users\\Administrator\\SmartFit\\server\\routes\\attendance.routes.js": {"path":"C:\\Users\\Administrator\\SmartFit\\server\\routes\\attendance.routes.js","statementMap":{"0":{"start":{"line":16,"column":15},"end":{"line":16,"column":31}},"1":{"start":{"line":39,"column":0},"end":{"line":44,"column":2}},"2":{"start":{"line":60,"column":0},"end":{"line":65,"column":2}},"3":{"start":{"line":79,"column":0},"end":{"line":84,"column":2}},"4":{"start":{"line":98,"column":0},"end":{"line":103,"column":2}},"5":{"start":{"line":117,"column":0},"end":{"line":122,"column":2}}},"fnMap":{},"branchMap":{},"s":{"0":13,"1":13,"2":13,"3":13,"4":13,"5":13},"f":{},"b":{},"_coverageSchema":"1a1c01bbd47fc00a2c39e90264f33305004495a9","hash":"36be2a80a51b2ab61e399b432a957557065c09ee"}
,"C:\\Users\\Administrator\\SmartFit\\server\\routes\\auth.routes.js": {"path":"C:\\Users\\Administrator\\SmartFit\\server\\routes\\auth.routes.js","statementMap":{"0":{"start":{"line":9,"column":15},"end":{"line":9,"column":31}},"1":{"start":{"line":58,"column":0},"end":{"line":58,"column":35}},"2":{"start":{"line":88,"column":0},"end":{"line":88,"column":29}},"3":{"start":{"line":104,"column":0},"end":{"line":104,"column":48}}},"fnMap":{},"branchMap":{},"s":{"0":13,"1":13,"2":13,"3":13},"f":{},"b":{},"_coverageSchema":"1a1c01bbd47fc00a2c39e90264f33305004495a9","hash":"db2efb57812c04f6f228400085ec4542a2e618c8"}
,"C:\\Users\\Administrator\\SmartFit\\server\\routes\\exercise.routes.js": {"path":"C:\\Users\\Administrator\\SmartFit\\server\\routes\\exercise.routes.js","statementMap":{"0":{"start":{"line":19,"column":15},"end":{"line":19,"column":31}},"1":{"start":{"line":38,"column":0},"end":{"line":43,"column":3}},"2":{"start":{"line":39,"column":2},"end":{"line":42,"column":5}},"3":{"start":{"line":57,"column":0},"end":{"line":57,"column":47}},"4":{"start":{"line":77,"column":0},"end":{"line":81,"column":2}},"5":{"start":{"line":103,"column":0},"end":{"line":103,"column":50}},"6":{"start":{"line":158,"column":0},"end":{"line":163,"column":2}},"7":{"start":{"line":189,"column":0},"end":{"line":194,"column":2}},"8":{"start":{"line":214,"column":0},"end":{"line":219,"column":2}}},"fnMap":{"0":{"name":"(anonymous_0)","decl":{"start":{"line":38,"column":20},"end":{"line":38,"column":21}},"loc":{"start":{"line":38,"column":34},"end":{"line":43,"column":1}},"line":38}},"branchMap":{},"s":{"0":13,"1":13,"2":0,"3":13,"4":13,"5":13,"6":13,"7":13,"8":13},"f":{"0":0},"b":{},"_coverageSchema":"1a1c01bbd47fc00a2c39e90264f33305004495a9","hash":"2584dff2db9391bf823042604f8b2fe71cf6987b"}
,"C:\\Users\\Administrator\\SmartFit\\server\\routes\\meal.routes.js": {"path":"C:\\Users\\Administrator\\SmartFit\\server\\routes\\meal.routes.js","statementMap":{"0":{"start":{"line":17,"column":15},"end":{"line":17,"column":31}},"1":{"start":{"line":38,"column":0},"end":{"line":38,"column":47}},"2":{"start":{"line":64,"column":0},"end":{"line":68,"column":2}},"3":{"start":{"line":90,"column":0},"end":{"line":94,"column":2}},"4":{"start":{"line":151,"column":0},"end":{"line":156,"column":2}},"5":{"start":{"line":182,"column":0},"end":{"line":187,"column":2}},"6":{"start":{"line":207,"column":0},"end":{"line":212,"column":2}}},"fnMap":{},"branchMap":{},"s":{"0":13,"1":13,"2":13,"3":13,"4":13,"5":13,"6":13},"f":{},"b":{},"_coverageSchema":"1a1c01bbd47fc00a2c39e90264f33305004495a9","hash":"8741675c8aa850ecb228f365793573d7e8558628"}
,"C:\\Users\\Administrator\\SmartFit\\server\\routes\\member.routes.js": {"path":"C:\\Users\\Administrator\\SmartFit\\server\\routes\\member.routes.js","statementMap":{"0":{"start":{"line":14,"column":15},"end":{"line":14,"column":31}},"1":{"start":{"line":43,"column":0},"end":{"line":43,"column":53}},"2":{"start":{"line":59,"column":0},"end":{"line":59,"column":49}},"3":{"start":{"line":81,"column":0},"end":{"line":81,"column":52}},"4":{"start":{"line":110,"column":0},"end":{"line":115,"column":2}}},"fnMap":{},"branchMap":{},"s":{"0":13,"1":13,"2":13,"3":13,"4":13},"f":{},"b":{},"_coverageSchema":"1a1c01bbd47fc00a2c39e90264f33305004495a9","hash":"e53e6ac1798a0d10752910a475cdcb7626351dc9"}
,"C:\\Users\\Administrator\\SmartFit\\server\\routes\\nutrition.routes.js": {"path":"C:\\Users\\Administrator\\SmartFit\\server\\routes\\nutrition.routes.js","statementMap":{"0":{"start":{"line":8,"column":15},"end":{"line":8,"column":31}},"1":{"start":{"line":11,"column":0},"end":{"line":16,"column":2}}},"fnMap":{},"branchMap":{},"s":{"0":13,"1":13},"f":{},"b":{},"_coverageSchema":"1a1c01bbd47fc00a2c39e90264f33305004495a9","hash":"919715aee076de6fa77f5858ef6beca1b3c0251d"}
,"C:\\Users\\Administrator\\SmartFit\\server\\routes\\nutritionRecommendation.routes.js": {"path":"C:\\Users\\Administrator\\SmartFit\\server\\routes\\nutritionRecommendation.routes.js","statementMap":{"0":{"start":{"line":8,"column":15},"end":{"line":8,"column":31}},"1":{"start":{"line":43,"column":0},"end":{"line":48,"column":2}}},"fnMap":{},"branchMap":{},"s":{"0":13,"1":13},"f":{},"b":{},"_coverageSchema":"1a1c01bbd47fc00a2c39e90264f33305004495a9","hash":"609afe7e9000b071f8258aa702ad1916b46cb538"}
,"C:\\Users\\Administrator\\SmartFit\\server\\routes\\progress.routes.js": {"path":"C:\\Users\\Administrator\\SmartFit\\server\\routes\\progress.routes.js","statementMap":{"0":{"start":{"line":10,"column":15},"end":{"line":10,"column":31}},"1":{"start":{"line":55,"column":0},"end":{"line":55,"column":50}},"2":{"start":{"line":72,"column":0},"end":{"line":72,"column":47}}},"fnMap":{},"branchMap":{},"s":{"0":13,"1":13,"2":13},"f":{},"b":{},"_coverageSchema":"1a1c01bbd47fc00a2c39e90264f33305004495a9","hash":"f7e807cb1c515cb8fdb1a24916bd8b27ed201de7"}
,"C:\\Users\\Administrator\\SmartFit\\server\\routes\\recommendation.routes.js": {"path":"C:\\Users\\Administrator\\SmartFit\\server\\routes\\recommendation.routes.js","statementMap":{"0":{"start":{"line":5,"column":15},"end":{"line":5,"column":31}},"1":{"start":{"line":8,"column":0},"end":{"line":12,"column":2}}},"fnMap":{},"branchMap":{},"s":{"0":13,"1":13},"f":{},"b":{},"_coverageSchema":"1a1c01bbd47fc00a2c39e90264f33305004495a9","hash":"00c5f1004a20f724e7cdad29d73ecb6fa48bbac2"}
,"C:\\Users\\Administrator\\SmartFit\\server\\routes\\trainer.routes.js": {"path":"C:\\Users\\Administrator\\SmartFit\\server\\routes\\trainer.routes.js","statementMap":{"0":{"start":{"line":12,"column":15},"end":{"line":12,"column":31}},"1":{"start":{"line":38,"column":0},"end":{"line":43,"column":2}},"2":{"start":{"line":83,"column":0},"end":{"line":88,"column":2}}},"fnMap":{},"branchMap":{},"s":{"0":13,"1":13,"2":13},"f":{},"b":{},"_coverageSchema":"1a1c01bbd47fc00a2c39e90264f33305004495a9","hash":"27d4fb026673bbfeebf032591104b6312f8d5922"}
,"C:\\Users\\Administrator\\SmartFit\\server\\routes\\workout.routes.js": {"path":"C:\\Users\\Administrator\\SmartFit\\server\\routes\\workout.routes.js","statementMap":{"0":{"start":{"line":16,"column":15},"end":{"line":16,"column":31}},"1":{"start":{"line":37,"column":0},"end":{"line":37,"column":43}},"2":{"start":{"line":59,"column":0},"end":{"line":59,"column":45}},"3":{"start":{"line":128,"column":0},"end":{"line":133,"column":2}},"4":{"start":{"line":159,"column":0},"end":{"line":164,"column":2}},"5":{"start":{"line":184,"column":0},"end":{"line":189,"column":2}},"6":{"start":{"line":214,"column":0},"end":{"line":219,"column":2}}},"fnMap":{},"branchMap":{},"s":{"0":13,"1":13,"2":13,"3":13,"4":13,"5":13,"6":13},"f":{},"b":{},"_coverageSchema":"1a1c01bbd47fc00a2c39e90264f33305004495a9","hash":"af5bf832cf72f4495e7581f7b08738a65d1e1e73"}
,"C:\\Users\\Administrator\\SmartFit\\server\\routes\\workoutLog.routes.js": {"path":"C:\\Users\\Administrator\\SmartFit\\server\\routes\\workoutLog.routes.js","statementMap":{"0":{"start":{"line":10,"column":15},"end":{"line":10,"column":31}},"1":{"start":{"line":57,"column":0},"end":{"line":57,"column":48}},"2":{"start":{"line":74,"column":0},"end":{"line":74,"column":52}}},"fnMap":{},"branchMap":{},"s":{"0":13,"1":13,"2":13},"f":{},"b":{},"_coverageSchema":"1a1c01bbd47fc00a2c39e90264f33305004495a9","hash":"574ad8d312daea8f108e3bee3c12933594ea7a86"}
,"C:\\Users\\Administrator\\SmartFit\\server\\services\\adminDashboard.service.js": {"path":"C:\\Users\\Administrator\\SmartFit\\server\\services\\adminDashboard.service.js","statementMap":{"0":{"start":{"line":3,"column":38},"end":{"line":91,"column":1}},"1":{"start":{"line":5,"column":23},"end":{"line":5,"column":57}},"2":{"start":{"line":8,"column":24},"end":{"line":8,"column":59}},"3":{"start":{"line":11,"column":28},"end":{"line":11,"column":60}},"4":{"start":{"line":14,"column":34},"end":{"line":18,"column":2}},"5":{"start":{"line":21,"column":19},"end":{"line":25,"column":4}},"6":{"start":{"line":28,"column":14},"end":{"line":32,"column":4}},"7":{"start":{"line":35,"column":17},"end":{"line":39,"column":4}},"8":{"start":{"line":42,"column":25},"end":{"line":56,"column":2}},"9":{"start":{"line":58,"column":27},"end":{"line":58,"column":50}},"10":{"start":{"line":60,"column":2},"end":{"line":70,"column":3}},"11":{"start":{"line":61,"column":20},"end":{"line":65,"column":6}},"12":{"start":{"line":67,"column":4},"end":{"line":69,"column":5}},"13":{"start":{"line":68,"column":6},"end":{"line":68,"column":40}},"14":{"start":{"line":72,"column":2},"end":{"line":90,"column":4}}},"fnMap":{"0":{"name":"(anonymous_0)","decl":{"start":{"line":3,"column":38},"end":{"line":3,"column":39}},"loc":{"start":{"line":3,"column":50},"end":{"line":91,"column":1}},"line":3}},"branchMap":{"0":{"loc":{"start":{"line":60,"column":2},"end":{"line":70,"column":3}},"type":"if","locations":[{"start":{"line":60,"column":2},"end":{"line":70,"column":3}},{"start":{},"end":{}}],"line":60},"1":{"loc":{"start":{"line":67,"column":4},"end":{"line":69,"column":5}},"type":"if","locations":[{"start":{"line":67,"column":4},"end":{"line":69,"column":5}},{"start":{},"end":{}}],"line":67},"2":{"loc":{"start":{"line":79,"column":6},"end":{"line":79,"column":39}},"type":"binary-expr","locations":[{"start":{"line":79,"column":6},"end":{"line":79,"column":34}},{"start":{"line":79,"column":38},"end":{"line":79,"column":39}}],"line":79},"3":{"loc":{"start":{"line":82,"column":7},"end":{"line":82,"column":24}},"type":"binary-expr","locations":[{"start":{"line":82,"column":7},"end":{"line":82,"column":19}},{"start":{"line":82,"column":23},"end":{"line":82,"column":24}}],"line":82},"4":{"loc":{"start":{"line":86,"column":7},"end":{"line":86,"column":30}},"type":"binary-expr","locations":[{"start":{"line":86,"column":7},"end":{"line":86,"column":25}},{"start":{"line":86,"column":29},"end":{"line":86,"column":30}}],"line":86}},"s":{"0":13,"1":1,"2":1,"3":1,"4":1,"5":1,"6":1,"7":1,"8":1,"9":1,"10":1,"11":1,"12":1,"13":1,"14":1},"f":{"0":1},"b":{"0":[1,0],"1":[1,0],"2":[1,0],"3":[1,0],"4":[1,0]},"_coverageSchema":"1a1c01bbd47fc00a2c39e90264f33305004495a9","hash":"4185f0acbb67c20963882e4f5a8ce00a7d55efd7"}
,"C:\\Users\\Administrator\\SmartFit\\server\\services\\attendance.service.js": {"path":"C:\\Users\\Administrator\\SmartFit\\server\\services\\attendance.service.js","statementMap":{"0":{"start":{"line":4,"column":23},"end":{"line":29,"column":1}},"1":{"start":{"line":5,"column":17},"end":{"line":7,"column":4}},"2":{"start":{"line":9,"column":2},"end":{"line":11,"column":3}},"3":{"start":{"line":10,"column":4},"end":{"line":10,"column":49}},"4":{"start":{"line":13,"column":29},"end":{"line":18,"column":4}},"5":{"start":{"line":20,"column":2},"end":{"line":22,"column":3}},"6":{"start":{"line":21,"column":4},"end":{"line":21,"column":51}},"7":{"start":{"line":24,"column":2},"end":{"line":28,"column":5}},"8":{"start":{"line":32,"column":24},"end":{"line":60,"column":1}},"9":{"start":{"line":33,"column":17},"end":{"line":35,"column":4}},"10":{"start":{"line":37,"column":2},"end":{"line":39,"column":3}},"11":{"start":{"line":38,"column":4},"end":{"line":38,"column":49}},"12":{"start":{"line":41,"column":21},"end":{"line":46,"column":4}},"13":{"start":{"line":48,"column":2},"end":{"line":50,"column":3}},"14":{"start":{"line":49,"column":4},"end":{"line":49,"column":49}},"15":{"start":{"line":52,"column":2},"end":{"line":59,"column":5}},"16":{"start":{"line":63,"column":31},"end":{"line":80,"column":1}},"17":{"start":{"line":64,"column":17},"end":{"line":66,"column":4}},"18":{"start":{"line":68,"column":2},"end":{"line":70,"column":3}},"19":{"start":{"line":69,"column":4},"end":{"line":69,"column":49}},"20":{"start":{"line":72,"column":2},"end":{"line":79,"column":5}},"21":{"start":{"line":83,"column":32},"end":{"line":96,"column":1}},"22":{"start":{"line":84,"column":2},"end":{"line":95,"column":5}},"23":{"start":{"line":99,"column":32},"end":{"line":112,"column":1}},"24":{"start":{"line":100,"column":2},"end":{"line":111,"column":5}}},"fnMap":{"0":{"name":"(anonymous_0)","decl":{"start":{"line":4,"column":23},"end":{"line":4,"column":24}},"loc":{"start":{"line":4,"column":41},"end":{"line":29,"column":1}},"line":4},"1":{"name":"(anonymous_1)","decl":{"start":{"line":32,"column":24},"end":{"line":32,"column":25}},"loc":{"start":{"line":32,"column":42},"end":{"line":60,"column":1}},"line":32},"2":{"name":"(anonymous_2)","decl":{"start":{"line":63,"column":31},"end":{"line":63,"column":32}},"loc":{"start":{"line":63,"column":49},"end":{"line":80,"column":1}},"line":63},"3":{"name":"(anonymous_3)","decl":{"start":{"line":83,"column":32},"end":{"line":83,"column":33}},"loc":{"start":{"line":83,"column":44},"end":{"line":96,"column":1}},"line":83},"4":{"name":"(anonymous_4)","decl":{"start":{"line":99,"column":32},"end":{"line":99,"column":33}},"loc":{"start":{"line":99,"column":44},"end":{"line":112,"column":1}},"line":99}},"branchMap":{"0":{"loc":{"start":{"line":9,"column":2},"end":{"line":11,"column":3}},"type":"if","locations":[{"start":{"line":9,"column":2},"end":{"line":11,"column":3}},{"start":{},"end":{}}],"line":9},"1":{"loc":{"start":{"line":20,"column":2},"end":{"line":22,"column":3}},"type":"if","locations":[{"start":{"line":20,"column":2},"end":{"line":22,"column":3}},{"start":{},"end":{}}],"line":20},"2":{"loc":{"start":{"line":37,"column":2},"end":{"line":39,"column":3}},"type":"if","locations":[{"start":{"line":37,"column":2},"end":{"line":39,"column":3}},{"start":{},"end":{}}],"line":37},"3":{"loc":{"start":{"line":48,"column":2},"end":{"line":50,"column":3}},"type":"if","locations":[{"start":{"line":48,"column":2},"end":{"line":50,"column":3}},{"start":{},"end":{}}],"line":48},"4":{"loc":{"start":{"line":68,"column":2},"end":{"line":70,"column":3}},"type":"if","locations":[{"start":{"line":68,"column":2},"end":{"line":70,"column":3}},{"start":{},"end":{}}],"line":68}},"s":{"0":13,"1":3,"2":3,"3":0,"4":3,"5":3,"6":1,"7":2,"8":13,"9":2,"10":2,"11":0,"12":2,"13":2,"14":1,"15":1,"16":13,"17":1,"18":1,"19":0,"20":1,"21":13,"22":2,"23":13,"24":2},"f":{"0":3,"1":2,"2":1,"3":2,"4":2},"b":{"0":[0,3],"1":[1,2],"2":[0,2],"3":[1,1],"4":[0,1]},"_coverageSchema":"1a1c01bbd47fc00a2c39e90264f33305004495a9","hash":"89f83f3bf653c75fe876abbbe5f853fc76d0a660"}
,"C:\\Users\\Administrator\\SmartFit\\server\\services\\auth.service.js": {"path":"C:\\Users\\Administrator\\SmartFit\\server\\services\\auth.service.js","statementMap":{"0":{"start":{"line":4,"column":28},"end":{"line":27,"column":1}},"1":{"start":{"line":5,"column":46},"end":{"line":5,"column":50}},"2":{"start":{"line":7,"column":23},"end":{"line":9,"column":4}},"3":{"start":{"line":11,"column":2},"end":{"line":13,"column":3}},"4":{"start":{"line":12,"column":4},"end":{"line":12,"column":52}},"5":{"start":{"line":15,"column":25},"end":{"line":15,"column":56}},"6":{"start":{"line":17,"column":15},"end":{"line":24,"column":4}},"7":{"start":{"line":26,"column":2},"end":{"line":26,"column":14}},"8":{"start":{"line":29,"column":25},"end":{"line":49,"column":1}},"9":{"start":{"line":30,"column":30},"end":{"line":30,"column":34}},"10":{"start":{"line":33,"column":15},"end":{"line":35,"column":4}},"11":{"start":{"line":37,"column":2},"end":{"line":39,"column":3}},"12":{"start":{"line":38,"column":4},"end":{"line":38,"column":50}},"13":{"start":{"line":42,"column":26},"end":{"line":42,"column":71}},"14":{"start":{"line":44,"column":2},"end":{"line":46,"column":3}},"15":{"start":{"line":45,"column":4},"end":{"line":45,"column":50}},"16":{"start":{"line":48,"column":2},"end":{"line":48,"column":14}}},"fnMap":{"0":{"name":"(anonymous_0)","decl":{"start":{"line":4,"column":28},"end":{"line":4,"column":29}},"loc":{"start":{"line":4,"column":44},"end":{"line":27,"column":1}},"line":4},"1":{"name":"(anonymous_1)","decl":{"start":{"line":29,"column":25},"end":{"line":29,"column":26}},"loc":{"start":{"line":29,"column":41},"end":{"line":49,"column":1}},"line":29}},"branchMap":{"0":{"loc":{"start":{"line":11,"column":2},"end":{"line":13,"column":3}},"type":"if","locations":[{"start":{"line":11,"column":2},"end":{"line":13,"column":3}},{"start":{},"end":{}}],"line":11},"1":{"loc":{"start":{"line":22,"column":12},"end":{"line":22,"column":28}},"type":"binary-expr","locations":[{"start":{"line":22,"column":12},"end":{"line":22,"column":16}},{"start":{"line":22,"column":20},"end":{"line":22,"column":28}}],"line":22},"2":{"loc":{"start":{"line":37,"column":2},"end":{"line":39,"column":3}},"type":"if","locations":[{"start":{"line":37,"column":2},"end":{"line":39,"column":3}},{"start":{},"end":{}}],"line":37},"3":{"loc":{"start":{"line":44,"column":2},"end":{"line":46,"column":3}},"type":"if","locations":[{"start":{"line":44,"column":2},"end":{"line":46,"column":3}},{"start":{},"end":{}}],"line":44}},"s":{"0":13,"1":26,"2":26,"3":26,"4":0,"5":26,"6":26,"7":26,"8":13,"9":2,"10":2,"11":2,"12":1,"13":1,"14":1,"15":0,"16":1},"f":{"0":26,"1":2},"b":{"0":[0,26],"1":[26,0],"2":[1,1],"3":[0,1]},"_coverageSchema":"1a1c01bbd47fc00a2c39e90264f33305004495a9","hash":"312399a02566fb383abc6605a81f7077dad1a44a"}
,"C:\\Users\\Administrator\\SmartFit\\server\\services\\exercise.service.js": {"path":"C:\\Users\\Administrator\\SmartFit\\server\\services\\exercise.service.js","statementMap":{"0":{"start":{"line":4,"column":30},"end":{"line":19,"column":1}},"1":{"start":{"line":6,"column":18},"end":{"line":10,"column":4}},"2":{"start":{"line":12,"column":2},"end":{"line":14,"column":3}},"3":{"start":{"line":13,"column":4},"end":{"line":13,"column":47}},"4":{"start":{"line":16,"column":2},"end":{"line":18,"column":5}},"5":{"start":{"line":22,"column":28},"end":{"line":31,"column":1}},"6":{"start":{"line":23,"column":2},"end":{"line":30,"column":5}},"7":{"start":{"line":34,"column":27},"end":{"line":47,"column":1}},"8":{"start":{"line":35,"column":19},"end":{"line":40,"column":4}},"9":{"start":{"line":42,"column":2},"end":{"line":44,"column":3}},"10":{"start":{"line":43,"column":4},"end":{"line":43,"column":43}},"11":{"start":{"line":46,"column":2},"end":{"line":46,"column":18}},"12":{"start":{"line":50,"column":35},"end":{"line":59,"column":1}},"13":{"start":{"line":51,"column":2},"end":{"line":58,"column":5}},"14":{"start":{"line":62,"column":30},"end":{"line":71,"column":1}},"15":{"start":{"line":63,"column":2},"end":{"line":63,"column":24}},"16":{"start":{"line":65,"column":2},"end":{"line":70,"column":5}},"17":{"start":{"line":74,"column":30},"end":{"line":86,"column":1}},"18":{"start":{"line":75,"column":2},"end":{"line":75,"column":24}},"19":{"start":{"line":77,"column":2},"end":{"line":81,"column":5}},"20":{"start":{"line":83,"column":2},"end":{"line":85,"column":4}}},"fnMap":{"0":{"name":"(anonymous_0)","decl":{"start":{"line":4,"column":30},"end":{"line":4,"column":31}},"loc":{"start":{"line":4,"column":46},"end":{"line":19,"column":1}},"line":4},"1":{"name":"(anonymous_1)","decl":{"start":{"line":22,"column":28},"end":{"line":22,"column":29}},"loc":{"start":{"line":22,"column":40},"end":{"line":31,"column":1}},"line":22},"2":{"name":"(anonymous_2)","decl":{"start":{"line":34,"column":27},"end":{"line":34,"column":28}},"loc":{"start":{"line":34,"column":41},"end":{"line":47,"column":1}},"line":34},"3":{"name":"(anonymous_3)","decl":{"start":{"line":50,"column":35},"end":{"line":50,"column":36}},"loc":{"start":{"line":50,"column":60},"end":{"line":59,"column":1}},"line":50},"4":{"name":"(anonymous_4)","decl":{"start":{"line":62,"column":30},"end":{"line":62,"column":31}},"loc":{"start":{"line":62,"column":50},"end":{"line":71,"column":1}},"line":62},"5":{"name":"(anonymous_5)","decl":{"start":{"line":74,"column":30},"end":{"line":74,"column":31}},"loc":{"start":{"line":74,"column":44},"end":{"line":86,"column":1}},"line":74}},"branchMap":{"0":{"loc":{"start":{"line":12,"column":2},"end":{"line":14,"column":3}},"type":"if","locations":[{"start":{"line":12,"column":2},"end":{"line":14,"column":3}},{"start":{},"end":{}}],"line":12},"1":{"loc":{"start":{"line":42,"column":2},"end":{"line":44,"column":3}},"type":"if","locations":[{"start":{"line":42,"column":2},"end":{"line":44,"column":3}},{"start":{},"end":{}}],"line":42}},"s":{"0":13,"1":1,"2":1,"3":0,"4":1,"5":13,"6":1,"7":13,"8":3,"9":3,"10":0,"11":3,"12":13,"13":0,"14":13,"15":1,"16":1,"17":13,"18":1,"19":1,"20":1},"f":{"0":1,"1":1,"2":3,"3":0,"4":1,"5":1},"b":{"0":[0,1],"1":[0,3]},"_coverageSchema":"1a1c01bbd47fc00a2c39e90264f33305004495a9","hash":"6cd37d1d8c37dc072562aeeb4ee496ceec3296a7"}
,"C:\\Users\\Administrator\\SmartFit\\server\\services\\meal.service.js": {"path":"C:\\Users\\Administrator\\SmartFit\\server\\services\\meal.service.js","statementMap":{"0":{"start":{"line":4,"column":30},"end":{"line":8,"column":1}},"1":{"start":{"line":5,"column":2},"end":{"line":7,"column":5}},"2":{"start":{"line":11,"column":28},"end":{"line":17,"column":1}},"3":{"start":{"line":12,"column":2},"end":{"line":16,"column":5}},"4":{"start":{"line":20,"column":27},"end":{"line":32,"column":1}},"5":{"start":{"line":21,"column":19},"end":{"line":25,"column":4}},"6":{"start":{"line":27,"column":2},"end":{"line":29,"column":3}},"7":{"start":{"line":28,"column":4},"end":{"line":28,"column":44}},"8":{"start":{"line":31,"column":2},"end":{"line":31,"column":18}},"9":{"start":{"line":35,"column":30},"end":{"line":44,"column":1}},"10":{"start":{"line":36,"column":2},"end":{"line":36,"column":24}},"11":{"start":{"line":38,"column":2},"end":{"line":43,"column":5}},"12":{"start":{"line":47,"column":30},"end":{"line":59,"column":1}},"13":{"start":{"line":48,"column":2},"end":{"line":48,"column":24}},"14":{"start":{"line":50,"column":2},"end":{"line":54,"column":5}},"15":{"start":{"line":56,"column":2},"end":{"line":58,"column":4}},"16":{"start":{"line":62,"column":34},"end":{"line":72,"column":1}},"17":{"start":{"line":63,"column":2},"end":{"line":71,"column":5}},"18":{"start":{"line":74,"column":33},"end":{"line":95,"column":1}},"19":{"start":{"line":75,"column":20},"end":{"line":88,"column":4}},"20":{"start":{"line":90,"column":2},"end":{"line":92,"column":3}},"21":{"start":{"line":91,"column":4},"end":{"line":91,"column":70}},"22":{"start":{"line":94,"column":2},"end":{"line":94,"column":22}}},"fnMap":{"0":{"name":"(anonymous_0)","decl":{"start":{"line":4,"column":30},"end":{"line":4,"column":31}},"loc":{"start":{"line":4,"column":46},"end":{"line":8,"column":1}},"line":4},"1":{"name":"(anonymous_1)","decl":{"start":{"line":11,"column":28},"end":{"line":11,"column":29}},"loc":{"start":{"line":11,"column":40},"end":{"line":17,"column":1}},"line":11},"2":{"name":"(anonymous_2)","decl":{"start":{"line":20,"column":27},"end":{"line":20,"column":28}},"loc":{"start":{"line":20,"column":41},"end":{"line":32,"column":1}},"line":20},"3":{"name":"(anonymous_3)","decl":{"start":{"line":35,"column":30},"end":{"line":35,"column":31}},"loc":{"start":{"line":35,"column":50},"end":{"line":44,"column":1}},"line":35},"4":{"name":"(anonymous_4)","decl":{"start":{"line":47,"column":30},"end":{"line":47,"column":31}},"loc":{"start":{"line":47,"column":44},"end":{"line":59,"column":1}},"line":47},"5":{"name":"(anonymous_5)","decl":{"start":{"line":62,"column":34},"end":{"line":62,"column":35}},"loc":{"start":{"line":62,"column":50},"end":{"line":72,"column":1}},"line":62},"6":{"name":"(anonymous_6)","decl":{"start":{"line":74,"column":33},"end":{"line":74,"column":34}},"loc":{"start":{"line":74,"column":56},"end":{"line":95,"column":1}},"line":74}},"branchMap":{"0":{"loc":{"start":{"line":27,"column":2},"end":{"line":29,"column":3}},"type":"if","locations":[{"start":{"line":27,"column":2},"end":{"line":29,"column":3}},{"start":{},"end":{}}],"line":27},"1":{"loc":{"start":{"line":90,"column":2},"end":{"line":92,"column":3}},"type":"if","locations":[{"start":{"line":90,"column":2},"end":{"line":92,"column":3}},{"start":{},"end":{}}],"line":90}},"s":{"0":13,"1":3,"2":13,"3":1,"4":13,"5":3,"6":3,"7":0,"8":3,"9":13,"10":1,"11":1,"12":13,"13":1,"14":1,"15":1,"16":13,"17":0,"18":13,"19":2,"20":2,"21":0,"22":2},"f":{"0":3,"1":1,"2":3,"3":1,"4":1,"5":0,"6":2},"b":{"0":[0,3],"1":[0,2]},"_coverageSchema":"1a1c01bbd47fc00a2c39e90264f33305004495a9","hash":"2c35d1fdf42d500d931b2a726050f3a625fc86ba"}
,"C:\\Users\\Administrator\\SmartFit\\server\\services\\member.service.js": {"path":"C:\\Users\\Administrator\\SmartFit\\server\\services\\member.service.js","statementMap":{"0":{"start":{"line":4,"column":35},"end":{"line":44,"column":1}},"1":{"start":{"line":6,"column":26},"end":{"line":10,"column":4}},"2":{"start":{"line":12,"column":2},"end":{"line":14,"column":3}},"3":{"start":{"line":13,"column":4},"end":{"line":13,"column":54}},"4":{"start":{"line":17,"column":25},"end":{"line":17,"column":42}},"5":{"start":{"line":20,"column":14},"end":{"line":22,"column":3}},"6":{"start":{"line":24,"column":18},"end":{"line":41,"column":4}},"7":{"start":{"line":43,"column":2},"end":{"line":43,"column":17}},"8":{"start":{"line":47,"column":32},"end":{"line":82,"column":1}},"9":{"start":{"line":48,"column":18},"end":{"line":75,"column":4}},"10":{"start":{"line":77,"column":2},"end":{"line":79,"column":3}},"11":{"start":{"line":78,"column":4},"end":{"line":78,"column":49}},"12":{"start":{"line":81,"column":2},"end":{"line":81,"column":17}},"13":{"start":{"line":85,"column":35},"end":{"line":124,"column":1}},"14":{"start":{"line":87,"column":26},"end":{"line":91,"column":4}},"15":{"start":{"line":93,"column":2},"end":{"line":95,"column":3}},"16":{"start":{"line":94,"column":4},"end":{"line":94,"column":49}},"17":{"start":{"line":98,"column":17},"end":{"line":98,"column":54}},"18":{"start":{"line":99,"column":17},"end":{"line":99,"column":54}},"19":{"start":{"line":102,"column":25},"end":{"line":102,"column":37}},"20":{"start":{"line":105,"column":14},"end":{"line":107,"column":3}},"21":{"start":{"line":110,"column":25},"end":{"line":121,"column":4}},"22":{"start":{"line":123,"column":2},"end":{"line":123,"column":24}},"23":{"start":{"line":127,"column":29},"end":{"line":174,"column":1}},"24":{"start":{"line":129,"column":17},"end":{"line":133,"column":4}},"25":{"start":{"line":135,"column":2},"end":{"line":137,"column":3}},"26":{"start":{"line":136,"column":4},"end":{"line":136,"column":49}},"27":{"start":{"line":140,"column":18},"end":{"line":144,"column":4}},"28":{"start":{"line":146,"column":2},"end":{"line":148,"column":3}},"29":{"start":{"line":147,"column":4},"end":{"line":147,"column":50}},"30":{"start":{"line":151,"column":24},"end":{"line":171,"column":4}},"31":{"start":{"line":173,"column":2},"end":{"line":173,"column":23}}},"fnMap":{"0":{"name":"(anonymous_0)","decl":{"start":{"line":4,"column":35},"end":{"line":4,"column":36}},"loc":{"start":{"line":4,"column":59},"end":{"line":44,"column":1}},"line":4},"1":{"name":"(anonymous_1)","decl":{"start":{"line":47,"column":32},"end":{"line":47,"column":33}},"loc":{"start":{"line":47,"column":50},"end":{"line":82,"column":1}},"line":47},"2":{"name":"(anonymous_2)","decl":{"start":{"line":85,"column":35},"end":{"line":85,"column":36}},"loc":{"start":{"line":85,"column":59},"end":{"line":124,"column":1}},"line":85},"3":{"name":"(anonymous_3)","decl":{"start":{"line":127,"column":29},"end":{"line":127,"column":30}},"loc":{"start":{"line":127,"column":60},"end":{"line":174,"column":1}},"line":127}},"branchMap":{"0":{"loc":{"start":{"line":12,"column":2},"end":{"line":14,"column":3}},"type":"if","locations":[{"start":{"line":12,"column":2},"end":{"line":14,"column":3}},{"start":{},"end":{}}],"line":12},"1":{"loc":{"start":{"line":77,"column":2},"end":{"line":79,"column":3}},"type":"if","locations":[{"start":{"line":77,"column":2},"end":{"line":79,"column":3}},{"start":{},"end":{}}],"line":77},"2":{"loc":{"start":{"line":93,"column":2},"end":{"line":95,"column":3}},"type":"if","locations":[{"start":{"line":93,"column":2},"end":{"line":95,"column":3}},{"start":{},"end":{}}],"line":93},"3":{"loc":{"start":{"line":98,"column":17},"end":{"line":98,"column":54}},"type":"binary-expr","locations":[{"start":{"line":98,"column":17},"end":{"line":98,"column":28}},{"start":{"line":98,"column":32},"end":{"line":98,"column":54}}],"line":98},"4":{"loc":{"start":{"line":99,"column":17},"end":{"line":99,"column":54}},"type":"binary-expr","locations":[{"start":{"line":99,"column":17},"end":{"line":99,"column":28}},{"start":{"line":99,"column":32},"end":{"line":99,"column":54}}],"line":99},"5":{"loc":{"start":{"line":116,"column":19},"end":{"line":118,"column":37}},"type":"cond-expr","locations":[{"start":{"line":117,"column":10},"end":{"line":117,"column":36}},{"start":{"line":118,"column":10},"end":{"line":118,"column":37}}],"line":116},"6":{"loc":{"start":{"line":135,"column":2},"end":{"line":137,"column":3}},"type":"if","locations":[{"start":{"line":135,"column":2},"end":{"line":137,"column":3}},{"start":{},"end":{}}],"line":135},"7":{"loc":{"start":{"line":146,"column":2},"end":{"line":148,"column":3}},"type":"if","locations":[{"start":{"line":146,"column":2},"end":{"line":148,"column":3}},{"start":{},"end":{}}],"line":146}},"s":{"0":13,"1":6,"2":6,"3":0,"4":6,"5":6,"6":6,"7":6,"8":13,"9":0,"10":0,"11":0,"12":0,"13":13,"14":0,"15":0,"16":0,"17":0,"18":0,"19":0,"20":0,"21":0,"22":0,"23":13,"24":0,"25":0,"26":0,"27":0,"28":0,"29":0,"30":0,"31":0},"f":{"0":6,"1":0,"2":0,"3":0},"b":{"0":[0,6],"1":[0,0],"2":[0,0],"3":[0,0],"4":[0,0],"5":[0,0],"6":[0,0],"7":[0,0]},"_coverageSchema":"1a1c01bbd47fc00a2c39e90264f33305004495a9","hash":"3875d7f2e5ad0e70ce81b4983690b2079e00fb7e"}
,"C:\\Users\\Administrator\\SmartFit\\server\\services\\nutrition.service.js": {"path":"C:\\Users\\Administrator\\SmartFit\\server\\services\\nutrition.service.js","statementMap":{"0":{"start":{"line":4,"column":47},"end":{"line":44,"column":1}},"1":{"start":{"line":6,"column":17},"end":{"line":10,"column":4}},"2":{"start":{"line":12,"column":2},"end":{"line":14,"column":3}},"3":{"start":{"line":13,"column":4},"end":{"line":13,"column":41}},"4":{"start":{"line":17,"column":19},"end":{"line":17,"column":62}},"5":{"start":{"line":20,"column":25},"end":{"line":41,"column":4}},"6":{"start":{"line":43,"column":2},"end":{"line":43,"column":24}}},"fnMap":{"0":{"name":"(anonymous_0)","decl":{"start":{"line":4,"column":47},"end":{"line":4,"column":48}},"loc":{"start":{"line":4,"column":67},"end":{"line":44,"column":1}},"line":4}},"branchMap":{"0":{"loc":{"start":{"line":12,"column":2},"end":{"line":14,"column":3}},"type":"if","locations":[{"start":{"line":12,"column":2},"end":{"line":14,"column":3}},{"start":{},"end":{}}],"line":12}},"s":{"0":13,"1":3,"2":3,"3":1,"4":2,"5":2,"6":2},"f":{"0":3},"b":{"0":[1,2]},"_coverageSchema":"1a1c01bbd47fc00a2c39e90264f33305004495a9","hash":"31c8fd2a0b7fcc03519a788128659b23974a5914"}
,"C:\\Users\\Administrator\\SmartFit\\server\\services\\nutritionRecommendation.service.js": {"path":"C:\\Users\\Administrator\\SmartFit\\server\\services\\nutritionRecommendation.service.js","statementMap":{"0":{"start":{"line":3,"column":48},"end":{"line":65,"column":1}},"1":{"start":{"line":5,"column":17},"end":{"line":9,"column":4}},"2":{"start":{"line":11,"column":2},"end":{"line":13,"column":3}},"3":{"start":{"line":12,"column":4},"end":{"line":12,"column":41}},"4":{"start":{"line":16,"column":20},"end":{"line":20,"column":4}},"5":{"start":{"line":23,"column":2},"end":{"line":27,"column":5}},"6":{"start":{"line":30,"column":2},"end":{"line":51,"column":3}},"7":{"start":{"line":31,"column":16},"end":{"line":31,"column":17}},"8":{"start":{"line":32,"column":20},"end":{"line":32,"column":22}},"9":{"start":{"line":35,"column":4},"end":{"line":38,"column":5}},"10":{"start":{"line":36,"column":6},"end":{"line":36,"column":19}},"11":{"start":{"line":37,"column":6},"end":{"line":37,"column":48}},"12":{"start":{"line":40,"column":4},"end":{"line":50,"column":7}},"13":{"start":{"line":54,"column":2},"end":{"line":64,"column":5}}},"fnMap":{"0":{"name":"(anonymous_0)","decl":{"start":{"line":3,"column":48},"end":{"line":3,"column":49}},"loc":{"start":{"line":3,"column":68},"end":{"line":65,"column":1}},"line":3}},"branchMap":{"0":{"loc":{"start":{"line":11,"column":2},"end":{"line":13,"column":3}},"type":"if","locations":[{"start":{"line":11,"column":2},"end":{"line":13,"column":3}},{"start":{},"end":{}}],"line":11},"1":{"loc":{"start":{"line":35,"column":4},"end":{"line":38,"column":5}},"type":"if","locations":[{"start":{"line":35,"column":4},"end":{"line":38,"column":5}},{"start":{},"end":{}}],"line":35},"2":{"loc":{"start":{"line":46,"column":10},"end":{"line":48,"column":40}},"type":"cond-expr","locations":[{"start":{"line":47,"column":14},"end":{"line":47,"column":32}},{"start":{"line":48,"column":14},"end":{"line":48,"column":40}}],"line":46}},"s":{"0":13,"1":1,"2":1,"3":0,"4":1,"5":1,"6":1,"7":36,"8":36,"9":36,"10":34,"11":34,"12":36,"13":1},"f":{"0":1},"b":{"0":[0,1],"1":[34,2],"2":[34,2]},"_coverageSchema":"1a1c01bbd47fc00a2c39e90264f33305004495a9","hash":"e7d6beca54f82ed78fa874d3a3806f427ff13196"}
,"C:\\Users\\Administrator\\SmartFit\\server\\services\\progress.service.js": {"path":"C:\\Users\\Administrator\\SmartFit\\server\\services\\progress.service.js","statementMap":{"0":{"start":{"line":4,"column":30},"end":{"line":46,"column":1}},"1":{"start":{"line":6,"column":17},"end":{"line":10,"column":4}},"2":{"start":{"line":12,"column":2},"end":{"line":14,"column":3}},"3":{"start":{"line":13,"column":4},"end":{"line":13,"column":49}},"4":{"start":{"line":17,"column":23},"end":{"line":17,"column":42}},"5":{"start":{"line":20,"column":12},"end":{"line":22,"column":1}},"6":{"start":{"line":25,"column":19},"end":{"line":32,"column":4}},"7":{"start":{"line":35,"column":2},"end":{"line":43,"column":5}},"8":{"start":{"line":45,"column":2},"end":{"line":45,"column":18}},"9":{"start":{"line":49,"column":34},"end":{"line":68,"column":1}},"10":{"start":{"line":50,"column":17},"end":{"line":54,"column":4}},"11":{"start":{"line":56,"column":2},"end":{"line":58,"column":3}},"12":{"start":{"line":57,"column":4},"end":{"line":57,"column":49}},"13":{"start":{"line":60,"column":2},"end":{"line":67,"column":5}}},"fnMap":{"0":{"name":"(anonymous_0)","decl":{"start":{"line":4,"column":30},"end":{"line":4,"column":31}},"loc":{"start":{"line":4,"column":54},"end":{"line":46,"column":1}},"line":4},"1":{"name":"(anonymous_1)","decl":{"start":{"line":49,"column":34},"end":{"line":49,"column":35}},"loc":{"start":{"line":49,"column":52},"end":{"line":68,"column":1}},"line":49}},"branchMap":{"0":{"loc":{"start":{"line":12,"column":2},"end":{"line":14,"column":3}},"type":"if","locations":[{"start":{"line":12,"column":2},"end":{"line":14,"column":3}},{"start":{},"end":{}}],"line":12},"1":{"loc":{"start":{"line":56,"column":2},"end":{"line":58,"column":3}},"type":"if","locations":[{"start":{"line":56,"column":2},"end":{"line":58,"column":3}},{"start":{},"end":{}}],"line":56}},"s":{"0":13,"1":1,"2":1,"3":0,"4":1,"5":1,"6":1,"7":1,"8":1,"9":13,"10":1,"11":1,"12":0,"13":1},"f":{"0":1,"1":1},"b":{"0":[0,1],"1":[0,1]},"_coverageSchema":"1a1c01bbd47fc00a2c39e90264f33305004495a9","hash":"0ea82a58100658436767790a4ca3e3601492421b"}
,"C:\\Users\\Administrator\\SmartFit\\server\\services\\recommendation.service.js": {"path":"C:\\Users\\Administrator\\SmartFit\\server\\services\\recommendation.service.js","statementMap":{"0":{"start":{"line":3,"column":39},"end":{"line":79,"column":1}},"1":{"start":{"line":5,"column":17},"end":{"line":9,"column":4}},"2":{"start":{"line":11,"column":2},"end":{"line":13,"column":3}},"3":{"start":{"line":12,"column":4},"end":{"line":12,"column":41}},"4":{"start":{"line":16,"column":23},"end":{"line":20,"column":4}},"5":{"start":{"line":22,"column":26},"end":{"line":22,"column":28}},"6":{"start":{"line":25,"column":2},"end":{"line":29,"column":5}},"7":{"start":{"line":31,"column":2},"end":{"line":72,"column":3}},"8":{"start":{"line":32,"column":16},"end":{"line":32,"column":17}},"9":{"start":{"line":33,"column":20},"end":{"line":33,"column":22}},"10":{"start":{"line":36,"column":4},"end":{"line":39,"column":5}},"11":{"start":{"line":37,"column":6},"end":{"line":37,"column":18}},"12":{"start":{"line":38,"column":6},"end":{"line":38,"column":43}},"13":{"start":{"line":42,"column":4},"end":{"line":45,"column":5}},"14":{"start":{"line":43,"column":6},"end":{"line":43,"column":18}},"15":{"start":{"line":44,"column":6},"end":{"line":44,"column":44}},"16":{"start":{"line":48,"column":4},"end":{"line":51,"column":5}},"17":{"start":{"line":49,"column":6},"end":{"line":49,"column":18}},"18":{"start":{"line":50,"column":6},"end":{"line":50,"column":48}},"19":{"start":{"line":54,"column":4},"end":{"line":57,"column":5}},"20":{"start":{"line":55,"column":6},"end":{"line":55,"column":18}},"21":{"start":{"line":56,"column":6},"end":{"line":56,"column":44}},"22":{"start":{"line":59,"column":27},"end":{"line":69,"column":6}},"23":{"start":{"line":71,"column":4},"end":{"line":71,"column":41}},"24":{"start":{"line":74,"column":2},"end":{"line":76,"column":4}},"25":{"start":{"line":75,"column":14},"end":{"line":75,"column":59}},"26":{"start":{"line":78,"column":2},"end":{"line":78,"column":25}}},"fnMap":{"0":{"name":"(anonymous_0)","decl":{"start":{"line":3,"column":39},"end":{"line":3,"column":40}},"loc":{"start":{"line":3,"column":59},"end":{"line":79,"column":1}},"line":3},"1":{"name":"(anonymous_1)","decl":{"start":{"line":75,"column":4},"end":{"line":75,"column":5}},"loc":{"start":{"line":75,"column":14},"end":{"line":75,"column":59}},"line":75}},"branchMap":{"0":{"loc":{"start":{"line":11,"column":2},"end":{"line":13,"column":3}},"type":"if","locations":[{"start":{"line":11,"column":2},"end":{"line":13,"column":3}},{"start":{},"end":{}}],"line":11},"1":{"loc":{"start":{"line":36,"column":4},"end":{"line":39,"column":5}},"type":"if","locations":[{"start":{"line":36,"column":4},"end":{"line":39,"column":5}},{"start":{},"end":{}}],"line":36},"2":{"loc":{"start":{"line":42,"column":4},"end":{"line":45,"column":5}},"type":"if","locations":[{"start":{"line":42,"column":4},"end":{"line":45,"column":5}},{"start":{},"end":{}}],"line":42},"3":{"loc":{"start":{"line":48,"column":4},"end":{"line":51,"column":5}},"type":"if","locations":[{"start":{"line":48,"column":4},"end":{"line":51,"column":5}},{"start":{},"end":{}}],"line":48},"4":{"loc":{"start":{"line":54,"column":4},"end":{"line":57,"column":5}},"type":"if","locations":[{"start":{"line":54,"column":4},"end":{"line":57,"column":5}},{"start":{},"end":{}}],"line":54}},"s":{"0":13,"1":2,"2":2,"3":1,"4":1,"5":1,"6":1,"7":1,"8":64,"9":64,"10":64,"11":26,"12":26,"13":64,"14":53,"15":53,"16":64,"17":55,"18":55,"19":64,"20":53,"21":53,"22":64,"23":64,"24":1,"25":285,"26":1},"f":{"0":2,"1":285},"b":{"0":[1,1],"1":[26,38],"2":[53,11],"3":[55,9],"4":[53,11]},"_coverageSchema":"1a1c01bbd47fc00a2c39e90264f33305004495a9","hash":"596b35349aeb869ae7838a18c2dbfba4baef8eaa"}
,"C:\\Users\\Administrator\\SmartFit\\server\\services\\trainer.service.js": {"path":"C:\\Users\\Administrator\\SmartFit\\server\\services\\trainer.service.js","statementMap":{"0":{"start":{"line":6,"column":36},"end":{"line":57,"column":1}},"1":{"start":{"line":8,"column":15},"end":{"line":12,"column":4}},"2":{"start":{"line":14,"column":2},"end":{"line":16,"column":3}},"3":{"start":{"line":15,"column":4},"end":{"line":15,"column":39}},"4":{"start":{"line":19,"column":2},"end":{"line":23,"column":3}},"5":{"start":{"line":20,"column":4},"end":{"line":22,"column":6}},"6":{"start":{"line":26,"column":26},"end":{"line":30,"column":4}},"7":{"start":{"line":32,"column":2},"end":{"line":34,"column":3}},"8":{"start":{"line":33,"column":4},"end":{"line":33,"column":55}},"9":{"start":{"line":37,"column":18},"end":{"line":54,"column":4}},"10":{"start":{"line":56,"column":2},"end":{"line":56,"column":17}},"11":{"start":{"line":62,"column":30},"end":{"line":78,"column":1}},"12":{"start":{"line":63,"column":2},"end":{"line":77,"column":5}}},"fnMap":{"0":{"name":"(anonymous_0)","decl":{"start":{"line":6,"column":36},"end":{"line":6,"column":37}},"loc":{"start":{"line":6,"column":60},"end":{"line":57,"column":1}},"line":6},"1":{"name":"(anonymous_1)","decl":{"start":{"line":62,"column":30},"end":{"line":62,"column":31}},"loc":{"start":{"line":62,"column":42},"end":{"line":78,"column":1}},"line":62}},"branchMap":{"0":{"loc":{"start":{"line":14,"column":2},"end":{"line":16,"column":3}},"type":"if","locations":[{"start":{"line":14,"column":2},"end":{"line":16,"column":3}},{"start":{},"end":{}}],"line":14},"1":{"loc":{"start":{"line":19,"column":2},"end":{"line":23,"column":3}},"type":"if","locations":[{"start":{"line":19,"column":2},"end":{"line":23,"column":3}},{"start":{},"end":{}}],"line":19},"2":{"loc":{"start":{"line":32,"column":2},"end":{"line":34,"column":3}},"type":"if","locations":[{"start":{"line":32,"column":2},"end":{"line":34,"column":3}},{"start":{},"end":{}}],"line":32}},"s":{"0":13,"1":2,"2":2,"3":0,"4":2,"5":0,"6":2,"7":2,"8":0,"9":2,"10":2,"11":13,"12":1},"f":{"0":2,"1":1},"b":{"0":[0,2],"1":[0,2],"2":[0,2]},"_coverageSchema":"1a1c01bbd47fc00a2c39e90264f33305004495a9","hash":"1c41c7c57b537f0dd811c1b04a41ced77f625d30"}
,"C:\\Users\\Administrator\\SmartFit\\server\\services\\workout.service.js": {"path":"C:\\Users\\Administrator\\SmartFit\\server\\services\\workout.service.js","statementMap":{"0":{"start":{"line":4,"column":29},"end":{"line":10,"column":1}},"1":{"start":{"line":5,"column":18},"end":{"line":7,"column":4}},"2":{"start":{"line":9,"column":2},"end":{"line":9,"column":17}},"3":{"start":{"line":13,"column":30},"end":{"line":19,"column":1}},"4":{"start":{"line":14,"column":2},"end":{"line":18,"column":5}},"5":{"start":{"line":22,"column":30},"end":{"line":34,"column":1}},"6":{"start":{"line":23,"column":18},"end":{"line":27,"column":4}},"7":{"start":{"line":29,"column":2},"end":{"line":31,"column":3}},"8":{"start":{"line":30,"column":4},"end":{"line":30,"column":47}},"9":{"start":{"line":33,"column":2},"end":{"line":33,"column":17}},"10":{"start":{"line":37,"column":29},"end":{"line":46,"column":1}},"11":{"start":{"line":38,"column":2},"end":{"line":38,"column":27}},"12":{"start":{"line":40,"column":2},"end":{"line":45,"column":5}},"13":{"start":{"line":49,"column":29},"end":{"line":61,"column":1}},"14":{"start":{"line":50,"column":2},"end":{"line":50,"column":27}},"15":{"start":{"line":52,"column":2},"end":{"line":56,"column":5}},"16":{"start":{"line":58,"column":2},"end":{"line":60,"column":4}},"17":{"start":{"line":63,"column":37},"end":{"line":105,"column":1}},"18":{"start":{"line":65,"column":18},"end":{"line":69,"column":4}},"19":{"start":{"line":71,"column":2},"end":{"line":73,"column":3}},"20":{"start":{"line":72,"column":4},"end":{"line":72,"column":47}},"21":{"start":{"line":76,"column":17},"end":{"line":80,"column":4}},"22":{"start":{"line":82,"column":2},"end":{"line":84,"column":3}},"23":{"start":{"line":83,"column":4},"end":{"line":83,"column":49}},"24":{"start":{"line":87,"column":2},"end":{"line":104,"column":5}}},"fnMap":{"0":{"name":"(anonymous_0)","decl":{"start":{"line":4,"column":29},"end":{"line":4,"column":30}},"loc":{"start":{"line":4,"column":45},"end":{"line":10,"column":1}},"line":4},"1":{"name":"(anonymous_1)","decl":{"start":{"line":13,"column":30},"end":{"line":13,"column":31}},"loc":{"start":{"line":13,"column":42},"end":{"line":19,"column":1}},"line":13},"2":{"name":"(anonymous_2)","decl":{"start":{"line":22,"column":30},"end":{"line":22,"column":31}},"loc":{"start":{"line":22,"column":44},"end":{"line":34,"column":1}},"line":22},"3":{"name":"(anonymous_3)","decl":{"start":{"line":37,"column":29},"end":{"line":37,"column":30}},"loc":{"start":{"line":37,"column":49},"end":{"line":46,"column":1}},"line":37},"4":{"name":"(anonymous_4)","decl":{"start":{"line":49,"column":29},"end":{"line":49,"column":30}},"loc":{"start":{"line":49,"column":43},"end":{"line":61,"column":1}},"line":49},"5":{"name":"(anonymous_5)","decl":{"start":{"line":63,"column":37},"end":{"line":63,"column":38}},"loc":{"start":{"line":63,"column":68},"end":{"line":105,"column":1}},"line":63}},"branchMap":{"0":{"loc":{"start":{"line":29,"column":2},"end":{"line":31,"column":3}},"type":"if","locations":[{"start":{"line":29,"column":2},"end":{"line":31,"column":3}},{"start":{},"end":{}}],"line":29},"1":{"loc":{"start":{"line":71,"column":2},"end":{"line":73,"column":3}},"type":"if","locations":[{"start":{"line":71,"column":2},"end":{"line":73,"column":3}},{"start":{},"end":{}}],"line":71},"2":{"loc":{"start":{"line":82,"column":2},"end":{"line":84,"column":3}},"type":"if","locations":[{"start":{"line":82,"column":2},"end":{"line":84,"column":3}},{"start":{},"end":{}}],"line":82}},"s":{"0":13,"1":5,"2":5,"3":13,"4":1,"5":13,"6":3,"7":3,"8":0,"9":3,"10":13,"11":1,"12":1,"13":13,"14":1,"15":1,"16":1,"17":13,"18":1,"19":1,"20":0,"21":1,"22":1,"23":0,"24":1},"f":{"0":5,"1":1,"2":3,"3":1,"4":1,"5":1},"b":{"0":[0,3],"1":[0,1],"2":[0,1]},"_coverageSchema":"1a1c01bbd47fc00a2c39e90264f33305004495a9","hash":"0384ba93ede88dbfa2230dd9ae8a32a1979ee994"}
,"C:\\Users\\Administrator\\SmartFit\\server\\services\\workoutLog.service.js": {"path":"C:\\Users\\Administrator\\SmartFit\\server\\services\\workoutLog.service.js","statementMap":{"0":{"start":{"line":4,"column":36},"end":{"line":42,"column":1}},"1":{"start":{"line":6,"column":17},"end":{"line":10,"column":4}},"2":{"start":{"line":12,"column":2},"end":{"line":14,"column":3}},"3":{"start":{"line":13,"column":4},"end":{"line":13,"column":49}},"4":{"start":{"line":17,"column":18},"end":{"line":21,"column":4}},"5":{"start":{"line":23,"column":2},"end":{"line":25,"column":3}},"6":{"start":{"line":24,"column":4},"end":{"line":24,"column":47}},"7":{"start":{"line":28,"column":2},"end":{"line":41,"column":5}},"8":{"start":{"line":45,"column":33},"end":{"line":67,"column":1}},"9":{"start":{"line":46,"column":17},"end":{"line":50,"column":4}},"10":{"start":{"line":52,"column":2},"end":{"line":54,"column":3}},"11":{"start":{"line":53,"column":4},"end":{"line":53,"column":49}},"12":{"start":{"line":56,"column":2},"end":{"line":66,"column":5}}},"fnMap":{"0":{"name":"(anonymous_0)","decl":{"start":{"line":4,"column":36},"end":{"line":4,"column":37}},"loc":{"start":{"line":4,"column":60},"end":{"line":42,"column":1}},"line":4},"1":{"name":"(anonymous_1)","decl":{"start":{"line":45,"column":33},"end":{"line":45,"column":34}},"loc":{"start":{"line":45,"column":51},"end":{"line":67,"column":1}},"line":45}},"branchMap":{"0":{"loc":{"start":{"line":12,"column":2},"end":{"line":14,"column":3}},"type":"if","locations":[{"start":{"line":12,"column":2},"end":{"line":14,"column":3}},{"start":{},"end":{}}],"line":12},"1":{"loc":{"start":{"line":23,"column":2},"end":{"line":25,"column":3}},"type":"if","locations":[{"start":{"line":23,"column":2},"end":{"line":25,"column":3}},{"start":{},"end":{}}],"line":23},"2":{"loc":{"start":{"line":52,"column":2},"end":{"line":54,"column":3}},"type":"if","locations":[{"start":{"line":52,"column":2},"end":{"line":54,"column":3}},{"start":{},"end":{}}],"line":52}},"s":{"0":13,"1":1,"2":1,"3":0,"4":1,"5":1,"6":0,"7":1,"8":13,"9":1,"10":1,"11":0,"12":1},"f":{"0":1,"1":1},"b":{"0":[0,1],"1":[0,1],"2":[0,1]},"_coverageSchema":"1a1c01bbd47fc00a2c39e90264f33305004495a9","hash":"95a927a826d437a992af1fb2905123b587f758fb"}
,"C:\\Users\\Administrator\\SmartFit\\server\\utils\\generateToken.js": {"path":"C:\\Users\\Administrator\\SmartFit\\server\\utils\\generateToken.js","statementMap":{"0":{"start":{"line":3,"column":29},"end":{"line":15,"column":1}},"1":{"start":{"line":4,"column":2},"end":{"line":14,"column":4}}},"fnMap":{"0":{"name":"(anonymous_0)","decl":{"start":{"line":3,"column":29},"end":{"line":3,"column":30}},"loc":{"start":{"line":3,"column":39},"end":{"line":15,"column":1}},"line":3}},"branchMap":{},"s":{"0":13,"1":27},"f":{"0":27},"b":{},"_coverageSchema":"1a1c01bbd47fc00a2c39e90264f33305004495a9","hash":"da6a45912801f4275ec695e3dff6e8aa73706086"}
,"C:\\Users\\Administrator\\SmartFit\\server\\validations\\auth.validation.js": {"path":"C:\\Users\\Administrator\\SmartFit\\server\\validations\\auth.validation.js","statementMap":{"0":{"start":{"line":3,"column":30},"end":{"line":17,"column":2}},"1":{"start":{"line":19,"column":27},"end":{"line":27,"column":2}}},"fnMap":{},"branchMap":{},"s":{"0":13,"1":13},"f":{},"b":{},"_coverageSchema":"1a1c01bbd47fc00a2c39e90264f33305004495a9","hash":"0fd0436e7364648ebc8b5784522a153dec2eb90c"}
,"C:\\Users\\Administrator\\SmartFit\\server\\validations\\exercise.validation.js": {"path":"C:\\Users\\Administrator\\SmartFit\\server\\validations\\exercise.validation.js","statementMap":{"0":{"start":{"line":3,"column":30},"end":{"line":41,"column":2}},"1":{"start":{"line":44,"column":2},"end":{"line":44,"column":26}}},"fnMap":{},"branchMap":{},"s":{"0":13,"1":13},"f":{},"b":{},"_coverageSchema":"1a1c01bbd47fc00a2c39e90264f33305004495a9","hash":"48ef9500a845fddf950fa92427fd481791b6e24f"}
,"C:\\Users\\Administrator\\SmartFit\\server\\validations\\meal.validation.js": {"path":"C:\\Users\\Administrator\\SmartFit\\server\\validations\\meal.validation.js","statementMap":{"0":{"start":{"line":3,"column":30},"end":{"line":40,"column":2}},"1":{"start":{"line":42,"column":36},"end":{"line":42,"column":60}}},"fnMap":{},"branchMap":{},"s":{"0":13,"1":13},"f":{},"b":{},"_coverageSchema":"1a1c01bbd47fc00a2c39e90264f33305004495a9","hash":"08681613ae117b061e6823ca3934e73fc1ba8088"}
,"C:\\Users\\Administrator\\SmartFit\\server\\validations\\member.validation.js": {"path":"C:\\Users\\Administrator\\SmartFit\\server\\validations\\member.validation.js","statementMap":{"0":{"start":{"line":3,"column":35},"end":{"line":45,"column":2}},"1":{"start":{"line":49,"column":2},"end":{"line":49,"column":31}}},"fnMap":{},"branchMap":{},"s":{"0":13,"1":13},"f":{},"b":{},"_coverageSchema":"1a1c01bbd47fc00a2c39e90264f33305004495a9","hash":"4145369356d89132707fdae7aae4176e7e05a865"}
,"C:\\Users\\Administrator\\SmartFit\\server\\validations\\progress.validation.js": {"path":"C:\\Users\\Administrator\\SmartFit\\server\\validations\\progress.validation.js","statementMap":{"0":{"start":{"line":3,"column":30},"end":{"line":12,"column":2}}},"fnMap":{},"branchMap":{},"s":{"0":13},"f":{},"b":{},"_coverageSchema":"1a1c01bbd47fc00a2c39e90264f33305004495a9","hash":"e687901263ff721724fd20823ccf3c204968dfba"}
,"C:\\Users\\Administrator\\SmartFit\\server\\validations\\trainer.validation.js": {"path":"C:\\Users\\Administrator\\SmartFit\\server\\validations\\trainer.validation.js","statementMap":{"0":{"start":{"line":3,"column":36},"end":{"line":16,"column":2}}},"fnMap":{},"branchMap":{},"s":{"0":13},"f":{},"b":{},"_coverageSchema":"1a1c01bbd47fc00a2c39e90264f33305004495a9","hash":"2c80dbbc6e22eb6607d9661e2cd336bdaa8cd7d7"}
,"C:\\Users\\Administrator\\SmartFit\\server\\validations\\workout.validation.js": {"path":"C:\\Users\\Administrator\\SmartFit\\server\\validations\\workout.validation.js","statementMap":{"0":{"start":{"line":3,"column":29},"end":{"line":54,"column":2}},"1":{"start":{"line":56,"column":35},"end":{"line":56,"column":58}}},"fnMap":{},"branchMap":{},"s":{"0":13,"1":13},"f":{},"b":{},"_coverageSchema":"1a1c01bbd47fc00a2c39e90264f33305004495a9","hash":"e59b8b87d286d27aad89493b55bcdf728fd144a6"}
}
