TN:
SF:app.js
FN:61,(anonymous_0)
FNF:1
FNH:1
FNDA:1,(anonymous_0)
DA:22,13
DA:24,13
DA:29,13
DA:30,13
DA:35,13
DA:40,13
DA:41,13
DA:42,13
DA:43,13
DA:44,13
DA:45,13
DA:46,13
DA:47,13
DA:48,13
DA:49,13
DA:50,13
DA:51,13
DA:55,13
DA:56,13
DA:61,13
DA:62,1
LF:21
LH:21
BRF:0
BRH:0
end_of_record
TN:
SF:config\prisma.js
FNF:0
FNH:0
DA:3,13
LF:1
LH:1
BRF:0
BRH:0
end_of_record
TN:
SF:config\swagger.js
FNF:0
FNH:0
DA:4,13
DA:38,13
LF:2
LH:2
BRF:0
BRH:0
end_of_record
TN:
SF:controllers\admin.controller.js
FN:1,(anonymous_0)
FNF:1
FNH:0
FNDA:0,(anonymous_0)
DA:1,13
DA:2,0
LF:2
LH:1
BRF:0
BRH:0
end_of_record
TN:
SF:controllers\adminDashboard.controller.js
FN:4,(anonymous_0)
FNF:1
FNH:1
FNDA:1,(anonymous_0)
DA:4,13
DA:5,1
DA:6,1
DA:8,1
DA:13,0
LF:5
LH:4
BRF:0
BRH:0
end_of_record
TN:
SF:controllers\attendance.controller.js
FN:9,(anonymous_0)
FN:26,(anonymous_1)
FN:43,(anonymous_2)
FN:60,(anonymous_3)
FN:77,(anonymous_4)
FNF:5
FNH:5
FNDA:3,(anonymous_0)
FNDA:2,(anonymous_1)
FNDA:1,(anonymous_2)
FNDA:2,(anonymous_3)
FNDA:2,(anonymous_4)
DA:9,13
DA:10,3
DA:11,3
DA:13,2
DA:19,1
DA:26,13
DA:27,2
DA:28,2
DA:30,1
DA:36,1
DA:43,13
DA:44,1
DA:45,1
DA:47,1
DA:53,0
DA:60,13
DA:61,2
DA:62,2
DA:64,2
DA:70,0
DA:77,13
DA:78,2
DA:79,2
DA:81,2
DA:87,0
LF:25
LH:22
BRF:0
BRH:0
end_of_record
TN:
SF:controllers\auth.controller.js
FN:6,(anonymous_0)
FN:34,(anonymous_1)
FN:62,(anonymous_2)
FNF:3
FNH:3
FNDA:26,(anonymous_0)
FNDA:2,(anonymous_1)
FNDA:1,(anonymous_2)
DA:6,13
DA:7,26
DA:8,26
DA:10,26
DA:12,26
DA:14,26
DA:26,0
DA:34,13
DA:35,2
DA:36,2
DA:38,2
DA:40,1
DA:42,1
DA:54,1
DA:62,13
DA:63,1
DA:64,1
DA:74,0
LF:18
LH:16
BRF:0
BRH:0
end_of_record
TN:
SF:controllers\exercise.controller.js
FN:16,(anonymous_0)
FN:36,(anonymous_1)
FN:54,(anonymous_2)
FN:71,(anonymous_3)
FN:91,(anonymous_4)
FN:114,(anonymous_5)
FNF:6
FNH:5
FNDA:1,(anonymous_0)
FNDA:1,(anonymous_1)
FNDA:1,(anonymous_2)
FNDA:0,(anonymous_3)
FNDA:1,(anonymous_4)
FNDA:1,(anonymous_5)
DA:16,13
DA:17,1
DA:18,1
DA:20,1
DA:22,1
DA:28,0
DA:36,13
DA:37,1
DA:38,1
DA:40,1
DA:46,0
DA:54,13
DA:55,1
DA:56,1
DA:58,1
DA:63,0
DA:71,13
DA:72,0
DA:73,0
DA:77,0
DA:83,0
DA:91,13
DA:92,1
DA:93,1
DA:95,1
DA:100,1
DA:106,0
DA:114,13
DA:115,1
DA:116,1
DA:118,1
DA:123,0
LF:32
LH:23
BRF:0
BRH:0
end_of_record
TN:
SF:controllers\meal.controller.js
FN:16,(anonymous_0)
FN:36,(anonymous_1)
FN:54,(anonymous_2)
FN:71,(anonymous_3)
FN:89,(anonymous_4)
FN:112,(anonymous_5)
FNF:6
FNH:5
FNDA:3,(anonymous_0)
FNDA:1,(anonymous_1)
FNDA:1,(anonymous_2)
FNDA:0,(anonymous_3)
FNDA:1,(anonymous_4)
FNDA:1,(anonymous_5)
DA:16,13
DA:17,3
DA:18,3
DA:20,3
DA:22,3
DA:28,0
DA:36,13
DA:37,1
DA:38,1
DA:40,1
DA:46,0
DA:54,13
DA:55,1
DA:56,1
DA:58,1
DA:63,0
DA:71,13
DA:72,0
DA:73,0
DA:75,0
DA:81,0
DA:89,13
DA:90,1
DA:91,1
DA:93,1
DA:98,1
DA:104,0
DA:112,13
DA:113,1
DA:114,1
DA:116,1
DA:121,0
LF:32
LH:23
BRF:0
BRH:0
end_of_record
TN:
SF:controllers\member.controller.js
FN:14,(anonymous_0)
FN:40,(anonymous_1)
FN:59,(anonymous_2)
FN:85,(anonymous_3)
FNF:4
FNH:1
FNDA:6,(anonymous_0)
FNDA:0,(anonymous_1)
FNDA:0,(anonymous_2)
FNDA:0,(anonymous_3)
DA:14,13
DA:15,6
DA:16,6
DA:18,6
DA:20,6
DA:26,0
DA:28,0
DA:29,0
DA:32,0
DA:40,13
DA:41,0
DA:42,0
DA:44,0
DA:49,0
DA:51,0
DA:59,13
DA:60,0
DA:61,0
DA:63,0
DA:65,0
DA:71,0
DA:73,0
DA:74,0
DA:77,0
DA:85,13
DA:86,0
DA:87,0
DA:89,0
DA:94,0
DA:100,0
DA:102,0
DA:106,0
DA:109,0
LF:33
LH:8
BRDA:28,0,0,0
BRDA:28,0,1,0
BRDA:73,1,0,0
BRDA:73,1,1,0
BRDA:102,2,0,0
BRDA:102,2,1,0
BRDA:103,3,0,0
BRDA:103,3,1,0
BRF:8
BRH:0
end_of_record
TN:
SF:controllers\nutrition.controller.js
FN:4,(anonymous_0)
FNF:1
FNH:1
FNDA:3,(anonymous_0)
DA:4,13
DA:5,3
DA:6,3
DA:9,3
DA:10,0
DA:16,3
DA:18,2
DA:24,1
LF:8
LH:7
BRDA:9,0,0,0
BRDA:9,0,1,3
BRF:2
BRH:1
end_of_record
TN:
SF:controllers\nutritionRecommendation.controller.js
FN:4,(anonymous_0)
FNF:1
FNH:1
FNDA:1,(anonymous_0)
DA:4,13
DA:5,1
DA:6,1
DA:9,1
DA:11,1
DA:18,0
LF:6
LH:5
BRF:0
BRH:0
end_of_record
TN:
SF:controllers\progress.controller.js
FN:9,(anonymous_0)
FN:34,(anonymous_1)
FNF:2
FNH:2
FNDA:1,(anonymous_0)
FNDA:1,(anonymous_1)
DA:9,13
DA:10,1
DA:12,1
DA:15,1
DA:20,1
DA:26,0
DA:34,13
DA:35,1
DA:36,1
DA:38,1
DA:44,0
LF:11
LH:9
BRF:0
BRH:0
end_of_record
TN:
SF:controllers\recommendation.controller.js
FN:4,(anonymous_0)
FNF:1
FNH:1
FNDA:3,(anonymous_0)
DA:4,13
DA:5,3
DA:6,3
DA:8,3
DA:9,1
DA:15,2
DA:17,1
DA:24,1
LF:8
LH:8
BRDA:8,0,0,1
BRDA:8,0,1,2
BRF:2
BRH:2
end_of_record
TN:
SF:controllers\trainer.controller.js
FN:8,(anonymous_0)
FN:31,(anonymous_1)
FNF:2
FNH:2
FNDA:2,(anonymous_0)
FNDA:1,(anonymous_1)
DA:8,13
DA:9,2
DA:10,2
DA:12,2
DA:17,2
DA:23,0
DA:31,13
DA:32,1
DA:33,1
DA:35,1
DA:41,0
LF:11
LH:9
BRF:0
BRH:0
end_of_record
TN:
SF:controllers\workout.controller.js
FN:18,(anonymous_0)
FN:40,(anonymous_1)
FN:60,(anonymous_2)
FN:79,(anonymous_3)
FN:104,(anonymous_4)
FN:123,(anonymous_5)
FNF:6
FNH:6
FNDA:5,(anonymous_0)
FNDA:1,(anonymous_1)
FNDA:1,(anonymous_2)
FNDA:1,(anonymous_3)
FNDA:1,(anonymous_4)
FNDA:1,(anonymous_5)
DA:18,13
DA:19,5
DA:20,5
DA:22,5
DA:24,5
DA:30,0
DA:40,13
DA:41,1
DA:42,1
DA:44,1
DA:50,0
DA:60,13
DA:61,1
DA:62,1
DA:64,1
DA:69,0
DA:79,13
DA:80,1
DA:81,1
DA:83,1
DA:88,1
DA:94,0
DA:104,13
DA:105,1
DA:106,1
DA:108,1
DA:113,0
DA:123,13
DA:124,1
DA:125,1
DA:126,1
DA:128,1
DA:130,1
DA:136,0
LF:34
LH:28
BRF:0
BRH:0
end_of_record
TN:
SF:controllers\workoutLog.controller.js
FN:7,(anonymous_0)
FN:25,(anonymous_1)
FNF:2
FNH:2
FNDA:1,(anonymous_0)
FNDA:1,(anonymous_1)
DA:7,13
DA:8,1
DA:9,1
DA:11,1
DA:17,0
DA:25,13
DA:26,1
DA:27,1
DA:29,1
DA:35,0
LF:10
LH:8
BRF:0
BRH:0
end_of_record
TN:
SF:middleware\auth.middleware.js
FN:5,(anonymous_0)
FN:45,(anonymous_1)
FN:46,(anonymous_2)
FNF:3
FNH:3
FNDA:63,(anonymous_0)
FNDA:273,(anonymous_1)
FNDA:39,(anonymous_2)
DA:5,13
DA:6,63
DA:7,63
DA:9,63
DA:10,4
DA:16,59
DA:18,59
DA:20,59
DA:26,59
DA:27,0
DA:33,59
DA:35,59
DA:37,0
DA:45,13
DA:46,273
DA:47,39
DA:48,5
DA:55,34
LF:18
LH:16
BRDA:9,0,0,4
BRDA:9,0,1,59
BRDA:9,1,0,63
BRDA:9,1,1,59
BRDA:26,2,0,0
BRDA:26,2,1,59
BRDA:47,3,0,5
BRDA:47,3,1,34
BRF:8
BRH:7
end_of_record
TN:
SF:middleware\role.middleware.js
FN:1,(anonymous_0)
FN:2,(anonymous_1)
FNF:2
FNH:1
FNDA:13,(anonymous_0)
FNDA:0,(anonymous_1)
DA:1,13
DA:2,13
DA:3,0
DA:4,0
DA:5,0
DA:11,0
DA:12,0
DA:18,0
DA:20,0
LF:9
LH:2
BRDA:4,0,0,0
BRDA:4,0,1,0
BRDA:11,1,0,0
BRDA:11,1,1,0
BRF:4
BRH:0
end_of_record
TN:
SF:routes\admin.routes.js
FNF:0
FNH:0
DA:6,13
DA:9,13
LF:2
LH:2
BRF:0
BRH:0
end_of_record
TN:
SF:routes\adminDashboard.routes.js
FNF:0
FNH:0
DA:8,13
DA:34,13
LF:2
LH:2
BRF:0
BRH:0
end_of_record
TN:
SF:routes\attendance.routes.js
FNF:0
FNH:0
DA:16,13
DA:39,13
DA:60,13
DA:79,13
DA:98,13
DA:117,13
LF:6
LH:6
BRF:0
BRH:0
end_of_record
TN:
SF:routes\auth.routes.js
FNF:0
FNH:0
DA:9,13
DA:58,13
DA:88,13
DA:104,13
LF:4
LH:4
BRF:0
BRH:0
end_of_record
TN:
SF:routes\exercise.routes.js
FN:38,(anonymous_0)
FNF:1
FNH:0
FNDA:0,(anonymous_0)
DA:19,13
DA:38,13
DA:39,0
DA:57,13
DA:77,13
DA:103,13
DA:158,13
DA:189,13
DA:214,13
LF:9
LH:8
BRF:0
BRH:0
end_of_record
TN:
SF:routes\meal.routes.js
FNF:0
FNH:0
DA:17,13
DA:38,13
DA:64,13
DA:90,13
DA:151,13
DA:182,13
DA:207,13
LF:7
LH:7
BRF:0
BRH:0
end_of_record
TN:
SF:routes\member.routes.js
FNF:0
FNH:0
DA:14,13
DA:43,13
DA:59,13
DA:81,13
DA:110,13
LF:5
LH:5
BRF:0
BRH:0
end_of_record
TN:
SF:routes\nutrition.routes.js
FNF:0
FNH:0
DA:8,13
DA:11,13
LF:2
LH:2
BRF:0
BRH:0
end_of_record
TN:
SF:routes\nutritionRecommendation.routes.js
FNF:0
FNH:0
DA:8,13
DA:43,13
LF:2
LH:2
BRF:0
BRH:0
end_of_record
TN:
SF:routes\progress.routes.js
FNF:0
FNH:0
DA:10,13
DA:55,13
DA:72,13
LF:3
LH:3
BRF:0
BRH:0
end_of_record
TN:
SF:routes\recommendation.routes.js
FNF:0
FNH:0
DA:5,13
DA:8,13
LF:2
LH:2
BRF:0
BRH:0
end_of_record
TN:
SF:routes\trainer.routes.js
FNF:0
FNH:0
DA:12,13
DA:38,13
DA:83,13
LF:3
LH:3
BRF:0
BRH:0
end_of_record
TN:
SF:routes\workout.routes.js
FNF:0
FNH:0
DA:16,13
DA:37,13
DA:59,13
DA:128,13
DA:159,13
DA:184,13
DA:214,13
LF:7
LH:7
BRF:0
BRH:0
end_of_record
TN:
SF:routes\workoutLog.routes.js
FNF:0
FNH:0
DA:10,13
DA:57,13
DA:74,13
LF:3
LH:3
BRF:0
BRH:0
end_of_record
TN:
SF:services\adminDashboard.service.js
FN:3,(anonymous_0)
FNF:1
FNH:1
FNDA:1,(anonymous_0)
DA:3,13
DA:5,1
DA:8,1
DA:11,1
DA:14,1
DA:21,1
DA:28,1
DA:35,1
DA:42,1
DA:58,1
DA:60,1
DA:61,1
DA:67,1
DA:68,1
DA:72,1
LF:15
LH:15
BRDA:60,0,0,1
BRDA:60,0,1,0
BRDA:67,1,0,1
BRDA:67,1,1,0
BRDA:79,2,0,1
BRDA:79,2,1,0
BRDA:82,3,0,1
BRDA:82,3,1,0
BRDA:86,4,0,1
BRDA:86,4,1,0
BRF:10
BRH:5
end_of_record
TN:
SF:services\attendance.service.js
FN:4,(anonymous_0)
FN:32,(anonymous_1)
FN:63,(anonymous_2)
FN:83,(anonymous_3)
FN:99,(anonymous_4)
FNF:5
FNH:5
FNDA:3,(anonymous_0)
FNDA:2,(anonymous_1)
FNDA:1,(anonymous_2)
FNDA:2,(anonymous_3)
FNDA:2,(anonymous_4)
DA:4,13
DA:5,3
DA:9,3
DA:10,0
DA:13,3
DA:20,3
DA:21,1
DA:24,2
DA:32,13
DA:33,2
DA:37,2
DA:38,0
DA:41,2
DA:48,2
DA:49,1
DA:52,1
DA:63,13
DA:64,1
DA:68,1
DA:69,0
DA:72,1
DA:83,13
DA:84,2
DA:99,13
DA:100,2
LF:25
LH:22
BRDA:9,0,0,0
BRDA:9,0,1,3
BRDA:20,1,0,1
BRDA:20,1,1,2
BRDA:37,2,0,0
BRDA:37,2,1,2
BRDA:48,3,0,1
BRDA:48,3,1,1
BRDA:68,4,0,0
BRDA:68,4,1,1
BRF:10
BRH:7
end_of_record
TN:
SF:services\auth.service.js
FN:4,(anonymous_0)
FN:29,(anonymous_1)
FNF:2
FNH:2
FNDA:26,(anonymous_0)
FNDA:2,(anonymous_1)
DA:4,13
DA:5,26
DA:7,26
DA:11,26
DA:12,0
DA:15,26
DA:17,26
DA:26,26
DA:29,13
DA:30,2
DA:33,2
DA:37,2
DA:38,1
DA:42,1
DA:44,1
DA:45,0
DA:48,1
LF:17
LH:15
BRDA:11,0,0,0
BRDA:11,0,1,26
BRDA:22,1,0,26
BRDA:22,1,1,0
BRDA:37,2,0,1
BRDA:37,2,1,1
BRDA:44,3,0,0
BRDA:44,3,1,1
BRF:8
BRH:5
end_of_record
TN:
SF:services\exercise.service.js
FN:4,(anonymous_0)
FN:22,(anonymous_1)
FN:34,(anonymous_2)
FN:50,(anonymous_3)
FN:62,(anonymous_4)
FN:74,(anonymous_5)
FNF:6
FNH:5
FNDA:1,(anonymous_0)
FNDA:1,(anonymous_1)
FNDA:3,(anonymous_2)
FNDA:0,(anonymous_3)
FNDA:1,(anonymous_4)
FNDA:1,(anonymous_5)
DA:4,13
DA:6,1
DA:12,1
DA:13,0
DA:16,1
DA:22,13
DA:23,1
DA:34,13
DA:35,3
DA:42,3
DA:43,0
DA:46,3
DA:50,13
DA:51,0
DA:62,13
DA:63,1
DA:65,1
DA:74,13
DA:75,1
DA:77,1
DA:83,1
LF:21
LH:18
BRDA:12,0,0,0
BRDA:12,0,1,1
BRDA:42,1,0,0
BRDA:42,1,1,3
BRF:4
BRH:2
end_of_record
TN:
SF:services\meal.service.js
FN:4,(anonymous_0)
FN:11,(anonymous_1)
FN:20,(anonymous_2)
FN:35,(anonymous_3)
FN:47,(anonymous_4)
FN:62,(anonymous_5)
FN:74,(anonymous_6)
FNF:7
FNH:6
FNDA:3,(anonymous_0)
FNDA:1,(anonymous_1)
FNDA:3,(anonymous_2)
FNDA:1,(anonymous_3)
FNDA:1,(anonymous_4)
FNDA:0,(anonymous_5)
FNDA:2,(anonymous_6)
DA:4,13
DA:5,3
DA:11,13
DA:12,1
DA:20,13
DA:21,3
DA:27,3
DA:28,0
DA:31,3
DA:35,13
DA:36,1
DA:38,1
DA:47,13
DA:48,1
DA:50,1
DA:56,1
DA:62,13
DA:63,0
DA:74,13
DA:75,2
DA:90,2
DA:91,0
DA:94,2
LF:23
LH:20
BRDA:27,0,0,0
BRDA:27,0,1,3
BRDA:90,1,0,0
BRDA:90,1,1,2
BRF:4
BRH:2
end_of_record
TN:
SF:services\member.service.js
FN:4,(anonymous_0)
FN:47,(anonymous_1)
FN:85,(anonymous_2)
FN:127,(anonymous_3)
FNF:4
FNH:1
FNDA:6,(anonymous_0)
FNDA:0,(anonymous_1)
FNDA:0,(anonymous_2)
FNDA:0,(anonymous_3)
DA:4,13
DA:6,6
DA:12,6
DA:13,0
DA:17,6
DA:20,6
DA:24,6
DA:43,6
DA:47,13
DA:48,0
DA:77,0
DA:78,0
DA:81,0
DA:85,13
DA:87,0
DA:93,0
DA:94,0
DA:98,0
DA:99,0
DA:102,0
DA:105,0
DA:110,0
DA:123,0
DA:127,13
DA:129,0
DA:135,0
DA:136,0
DA:140,0
DA:146,0
DA:147,0
DA:151,0
DA:173,0
LF:32
LH:10
BRDA:12,0,0,0
BRDA:12,0,1,6
BRDA:77,1,0,0
BRDA:77,1,1,0
BRDA:93,2,0,0
BRDA:93,2,1,0
BRDA:98,3,0,0
BRDA:98,3,1,0
BRDA:99,4,0,0
BRDA:99,4,1,0
BRDA:116,5,0,0
BRDA:116,5,1,0
BRDA:135,6,0,0
BRDA:135,6,1,0
BRDA:146,7,0,0
BRDA:146,7,1,0
BRF:16
BRH:1
end_of_record
TN:
SF:services\nutrition.service.js
FN:4,(anonymous_0)
FNF:1
FNH:1
FNDA:3,(anonymous_0)
DA:4,13
DA:6,3
DA:12,3
DA:13,1
DA:17,2
DA:20,2
DA:43,2
LF:7
LH:7
BRDA:12,0,0,1
BRDA:12,0,1,2
BRF:2
BRH:2
end_of_record
TN:
SF:services\nutritionRecommendation.service.js
FN:3,(anonymous_0)
FNF:1
FNH:1
FNDA:1,(anonymous_0)
DA:3,13
DA:5,1
DA:11,1
DA:12,0
DA:16,1
DA:23,1
DA:30,1
DA:31,36
DA:32,36
DA:35,36
DA:36,34
DA:37,34
DA:40,36
DA:54,1
LF:14
LH:13
BRDA:11,0,0,0
BRDA:11,0,1,1
BRDA:35,1,0,34
BRDA:35,1,1,2
BRDA:46,2,0,34
BRDA:46,2,1,2
BRF:6
BRH:5
end_of_record
TN:
SF:services\progress.service.js
FN:4,(anonymous_0)
FN:49,(anonymous_1)
FNF:2
FNH:2
FNDA:1,(anonymous_0)
FNDA:1,(anonymous_1)
DA:4,13
DA:6,1
DA:12,1
DA:13,0
DA:17,1
DA:20,1
DA:25,1
DA:35,1
DA:45,1
DA:49,13
DA:50,1
DA:56,1
DA:57,0
DA:60,1
LF:14
LH:12
BRDA:12,0,0,0
BRDA:12,0,1,1
BRDA:56,1,0,0
BRDA:56,1,1,1
BRF:4
BRH:2
end_of_record
TN:
SF:services\recommendation.service.js
FN:3,(anonymous_0)
FN:75,(anonymous_1)
FNF:2
FNH:2
FNDA:2,(anonymous_0)
FNDA:285,(anonymous_1)
DA:3,13
DA:5,2
DA:11,2
DA:12,1
DA:16,1
DA:22,1
DA:25,1
DA:31,1
DA:32,64
DA:33,64
DA:36,64
DA:37,26
DA:38,26
DA:42,64
DA:43,53
DA:44,53
DA:48,64
DA:49,55
DA:50,55
DA:54,64
DA:55,53
DA:56,53
DA:59,64
DA:71,64
DA:74,1
DA:75,285
DA:78,1
LF:27
LH:27
BRDA:11,0,0,1
BRDA:11,0,1,1
BRDA:36,1,0,26
BRDA:36,1,1,38
BRDA:42,2,0,53
BRDA:42,2,1,11
BRDA:48,3,0,55
BRDA:48,3,1,9
BRDA:54,4,0,53
BRDA:54,4,1,11
BRF:10
BRH:10
end_of_record
TN:
SF:services\trainer.service.js
FN:6,(anonymous_0)
FN:62,(anonymous_1)
FNF:2
FNH:2
FNDA:2,(anonymous_0)
FNDA:1,(anonymous_1)
DA:6,13
DA:8,2
DA:14,2
DA:15,0
DA:19,2
DA:20,0
DA:26,2
DA:32,2
DA:33,0
DA:37,2
DA:56,2
DA:62,13
DA:63,1
LF:13
LH:10
BRDA:14,0,0,0
BRDA:14,0,1,2
BRDA:19,1,0,0
BRDA:19,1,1,2
BRDA:32,2,0,0
BRDA:32,2,1,2
BRF:6
BRH:3
end_of_record
TN:
SF:services\workout.service.js
FN:4,(anonymous_0)
FN:13,(anonymous_1)
FN:22,(anonymous_2)
FN:37,(anonymous_3)
FN:49,(anonymous_4)
FN:63,(anonymous_5)
FNF:6
FNH:6
FNDA:5,(anonymous_0)
FNDA:1,(anonymous_1)
FNDA:3,(anonymous_2)
FNDA:1,(anonymous_3)
FNDA:1,(anonymous_4)
FNDA:1,(anonymous_5)
DA:4,13
DA:5,5
DA:9,5
DA:13,13
DA:14,1
DA:22,13
DA:23,3
DA:29,3
DA:30,0
DA:33,3
DA:37,13
DA:38,1
DA:40,1
DA:49,13
DA:50,1
DA:52,1
DA:58,1
DA:63,13
DA:65,1
DA:71,1
DA:72,0
DA:76,1
DA:82,1
DA:83,0
DA:87,1
LF:25
LH:22
BRDA:29,0,0,0
BRDA:29,0,1,3
BRDA:71,1,0,0
BRDA:71,1,1,1
BRDA:82,2,0,0
BRDA:82,2,1,1
BRF:6
BRH:3
end_of_record
TN:
SF:services\workoutLog.service.js
FN:4,(anonymous_0)
FN:45,(anonymous_1)
FNF:2
FNH:2
FNDA:1,(anonymous_0)
FNDA:1,(anonymous_1)
DA:4,13
DA:6,1
DA:12,1
DA:13,0
DA:17,1
DA:23,1
DA:24,0
DA:28,1
DA:45,13
DA:46,1
DA:52,1
DA:53,0
DA:56,1
LF:13
LH:10
BRDA:12,0,0,0
BRDA:12,0,1,1
BRDA:23,1,0,0
BRDA:23,1,1,1
BRDA:52,2,0,0
BRDA:52,2,1,1
BRF:6
BRH:3
end_of_record
TN:
SF:utils\generateToken.js
FN:3,(anonymous_0)
FNF:1
FNH:1
FNDA:27,(anonymous_0)
DA:3,13
DA:4,27
LF:2
LH:2
BRF:0
BRH:0
end_of_record
TN:
SF:validations\auth.validation.js
FNF:0
FNH:0
DA:3,13
DA:19,13
LF:2
LH:2
BRF:0
BRH:0
end_of_record
TN:
SF:validations\exercise.validation.js
FNF:0
FNH:0
DA:3,13
DA:44,13
LF:2
LH:2
BRF:0
BRH:0
end_of_record
TN:
SF:validations\meal.validation.js
FNF:0
FNH:0
DA:3,13
DA:42,13
LF:2
LH:2
BRF:0
BRH:0
end_of_record
TN:
SF:validations\member.validation.js
FNF:0
FNH:0
DA:3,13
DA:49,13
LF:2
LH:2
BRF:0
BRH:0
end_of_record
TN:
SF:validations\progress.validation.js
FNF:0
FNH:0
DA:3,13
LF:1
LH:1
BRF:0
BRH:0
end_of_record
TN:
SF:validations\trainer.validation.js
FNF:0
FNH:0
DA:3,13
LF:1
LH:1
BRF:0
BRH:0
end_of_record
TN:
SF:validations\workout.validation.js
FNF:0
FNH:0
DA:3,13
DA:56,13
LF:2
LH:2
BRF:0
BRH:0
end_of_record
